<?xml version="1.0" encoding="UTF-8"?>
<testsuite name="com.theZ.dotoring.mento.MentoJPARepositoryTest" tests="1" skipped="0" failures="0" errors="0" timestamp="2023-08-16T13:57:55" hostname="192.168.nate.com" time="0.369">
  <properties/>
  <testcase name="findMentosWithProfileAndFieldsAndMajorsUsingFetchJoinByMentoId()" classname="com.theZ.dotoring.mento.MentoJPARepositoryTest" time="0.369"/>
  <system-out><![CDATA[22:57:53.745 [Test worker] DEBUG org.springframework.test.context.BootstrapUtils - Instantiating CacheAwareContextLoaderDelegate from class [org.springframework.test.context.cache.DefaultCacheAwareContextLoaderDelegate]
22:57:53.751 [Test worker] DEBUG org.springframework.test.context.BootstrapUtils - Instantiating BootstrapContext using constructor [public org.springframework.test.context.support.DefaultBootstrapContext(java.lang.Class,org.springframework.test.context.CacheAwareContextLoaderDelegate)]
22:57:53.771 [Test worker] DEBUG org.springframework.test.context.BootstrapUtils - Instantiating TestContextBootstrapper for test class [com.theZ.dotoring.mento.MentoJPARepositoryTest] from class [org.springframework.boot.test.autoconfigure.orm.jpa.DataJpaTestContextBootstrapper]
22:57:53.781 [Test worker] INFO org.springframework.boot.test.autoconfigure.orm.jpa.DataJpaTestContextBootstrapper - Neither @ContextConfiguration nor @ContextHierarchy found for test class [com.theZ.dotoring.mento.MentoJPARepositoryTest], using SpringBootContextLoader
22:57:53.783 [Test worker] DEBUG org.springframework.test.context.support.AbstractContextLoader - Did not detect default resource location for test class [com.theZ.dotoring.mento.MentoJPARepositoryTest]: class path resource [com/theZ/dotoring/mento/MentoJPARepositoryTest-context.xml] does not exist
22:57:53.783 [Test worker] DEBUG org.springframework.test.context.support.AbstractContextLoader - Did not detect default resource location for test class [com.theZ.dotoring.mento.MentoJPARepositoryTest]: class path resource [com/theZ/dotoring/mento/MentoJPARepositoryTestContext.groovy] does not exist
22:57:53.784 [Test worker] INFO org.springframework.test.context.support.AbstractContextLoader - Could not detect default resource locations for test class [com.theZ.dotoring.mento.MentoJPARepositoryTest]: no resource found for suffixes {-context.xml, Context.groovy}.
22:57:53.784 [Test worker] INFO org.springframework.test.context.support.AnnotationConfigContextLoaderUtils - Could not detect default configuration classes for test class [com.theZ.dotoring.mento.MentoJPARepositoryTest]: MentoJPARepositoryTest does not declare any static, non-private, non-final, nested classes annotated with @Configuration.
22:57:53.819 [Test worker] DEBUG org.springframework.test.context.support.ActiveProfilesUtils - Could not find an 'annotation declaring class' for annotation type [org.springframework.test.context.ActiveProfiles] and class [com.theZ.dotoring.mento.MentoJPARepositoryTest]
22:57:53.848 [Test worker] DEBUG org.springframework.context.annotation.ClassPathScanningCandidateComponentProvider - Identified candidate component class: file [/Users/hwangdaeseon/Project/NDotoring/build/classes/java/main/com/theZ/dotoring/DotoringApplication.class]
22:57:53.848 [Test worker] INFO org.springframework.boot.test.context.SpringBootTestContextBootstrapper - Found @SpringBootConfiguration com.theZ.dotoring.DotoringApplication for test class com.theZ.dotoring.mento.MentoJPARepositoryTest
22:57:53.850 [Test worker] DEBUG org.springframework.boot.test.autoconfigure.orm.jpa.DataJpaTestContextBootstrapper - @TestExecutionListeners is not present for class [com.theZ.dotoring.mento.MentoJPARepositoryTest]: using defaults.
22:57:53.850 [Test worker] INFO org.springframework.boot.test.autoconfigure.orm.jpa.DataJpaTestContextBootstrapper - Loaded default TestExecutionListener class names from location [META-INF/spring.factories]: [org.springframework.boot.test.autoconfigure.restdocs.RestDocsTestExecutionListener, org.springframework.boot.test.autoconfigure.web.client.MockRestServiceServerResetTestExecutionListener, org.springframework.boot.test.autoconfigure.web.servlet.MockMvcPrintOnlyOnFailureTestExecutionListener, org.springframework.boot.test.autoconfigure.web.servlet.WebDriverTestExecutionListener, org.springframework.boot.test.autoconfigure.webservices.client.MockWebServiceServerTestExecutionListener, org.springframework.boot.test.mock.mockito.MockitoTestExecutionListener, org.springframework.boot.test.mock.mockito.ResetMocksTestExecutionListener, org.springframework.test.context.web.ServletTestExecutionListener, org.springframework.test.context.support.DirtiesContextBeforeModesTestExecutionListener, org.springframework.test.context.event.ApplicationEventsTestExecutionListener, org.springframework.test.context.support.DependencyInjectionTestExecutionListener, org.springframework.test.context.support.DirtiesContextTestExecutionListener, org.springframework.test.context.transaction.TransactionalTestExecutionListener, org.springframework.test.context.jdbc.SqlScriptsTestExecutionListener, org.springframework.test.context.event.EventPublishingTestExecutionListener]
22:57:53.858 [Test worker] INFO org.springframework.boot.test.autoconfigure.orm.jpa.DataJpaTestContextBootstrapper - Using TestExecutionListeners: [org.springframework.test.context.web.ServletTestExecutionListener@77a98a6a, org.springframework.test.context.support.DirtiesContextBeforeModesTestExecutionListener@78fbff54, org.springframework.test.context.event.ApplicationEventsTestExecutionListener@3e10dc6, org.springframework.boot.test.mock.mockito.MockitoTestExecutionListener@7e22550a, org.springframework.boot.test.autoconfigure.SpringBootDependencyInjectionTestExecutionListener@45e37a7e, org.springframework.test.context.support.DirtiesContextTestExecutionListener@62452cc9, org.springframework.test.context.transaction.TransactionalTestExecutionListener@6941827a, org.springframework.test.context.jdbc.SqlScriptsTestExecutionListener@5a7005d, org.springframework.test.context.event.EventPublishingTestExecutionListener@5bc9ba1d, org.springframework.boot.test.autoconfigure.restdocs.RestDocsTestExecutionListener@1021f6c9, org.springframework.boot.test.autoconfigure.web.client.MockRestServiceServerResetTestExecutionListener@7516e4e5, org.springframework.boot.test.autoconfigure.web.servlet.MockMvcPrintOnlyOnFailureTestExecutionListener@488eb7f2, org.springframework.boot.test.autoconfigure.web.servlet.WebDriverTestExecutionListener@5e81e5ac, org.springframework.boot.test.autoconfigure.webservices.client.MockWebServiceServerTestExecutionListener@4189d70b, org.springframework.boot.test.mock.mockito.ResetMocksTestExecutionListener@3fa2213]
22:57:53.860 [Test worker] DEBUG org.springframework.test.context.support.AbstractDirtiesContextTestExecutionListener - Before test class: context [DefaultTestContext@1af146 testClass = MentoJPARepositoryTest, testInstance = [null], testMethod = [null], testException = [null], mergedContextConfiguration = [MergedContextConfiguration@4da602fc testClass = MentoJPARepositoryTest, locations = '{}', classes = '{class com.theZ.dotoring.DotoringApplication}', contextInitializerClasses = '[]', activeProfiles = '{}', propertySourceLocations = '{}', propertySourceProperties = '{org.springframework.boot.test.autoconfigure.orm.jpa.DataJpaTestContextBootstrapper=true}', contextCustomizers = set[org.springframework.boot.test.autoconfigure.OverrideAutoConfigurationContextCustomizerFactory$DisableAutoConfigurationContextCustomizer@403f0a22, org.springframework.boot.test.autoconfigure.actuate.metrics.MetricsExportContextCustomizerFactory$DisableMetricExportContextCustomizer@77825085, org.springframework.boot.test.autoconfigure.filter.TypeExcludeFiltersContextCustomizer@351584c0, org.springframework.boot.test.autoconfigure.properties.PropertyMappingContextCustomizer@7c15dd47, org.springframework.boot.test.autoconfigure.web.servlet.WebDriverContextCustomizerFactory$Customizer@5dcd8c7a, [ImportsContextCustomizer@2a8d39c4 key = [org.springframework.boot.autoconfigure.cache.CacheAutoConfiguration, org.springframework.boot.autoconfigure.data.jpa.JpaRepositoriesAutoConfiguration, org.springframework.boot.autoconfigure.flyway.FlywayAutoConfiguration, org.springframework.boot.autoconfigure.jdbc.DataSourceAutoConfiguration, org.springframework.boot.autoconfigure.jdbc.DataSourceTransactionManagerAutoConfiguration, org.springframework.boot.autoconfigure.jdbc.JdbcTemplateAutoConfiguration, org.springframework.boot.autoconfigure.liquibase.LiquibaseAutoConfiguration, org.springframework.boot.autoconfigure.orm.jpa.HibernateJpaAutoConfiguration, org.springframework.boot.autoconfigure.sql.init.SqlInitializationAutoConfiguration, org.springframework.boot.autoconfigure.transaction.TransactionAutoConfiguration, org.springframework.boot.test.autoconfigure.jdbc.TestDatabaseAutoConfiguration, org.springframework.boot.test.autoconfigure.orm.jpa.TestEntityManagerAutoConfiguration]], org.springframework.boot.test.context.filter.ExcludeFilterContextCustomizer@5d5f10b2, org.springframework.boot.test.json.DuplicateJsonObjectContextCustomizerFactory$DuplicateJsonObjectContextCustomizer@53bd8fca, org.springframework.boot.test.mock.mockito.MockitoContextCustomizer@0, org.springframework.boot.test.context.SpringBootTestArgs@1, org.springframework.boot.test.context.SpringBootTestWebEnvironment@0], contextLoader = 'org.springframework.boot.test.context.SpringBootContextLoader', parent = [null]], attributes = map[[empty]]], class annotated with @DirtiesContext [false] with mode [null].
22:57:53.866 [Test worker] DEBUG org.springframework.test.context.support.DependencyInjectionTestExecutionListener - Performing dependency injection for test context [[DefaultTestContext@1af146 testClass = MentoJPARepositoryTest, testInstance = com.theZ.dotoring.mento.MentoJPARepositoryTest@15cafec7, testMethod = [null], testException = [null], mergedContextConfiguration = [MergedContextConfiguration@4da602fc testClass = MentoJPARepositoryTest, locations = '{}', classes = '{class com.theZ.dotoring.DotoringApplication}', contextInitializerClasses = '[]', activeProfiles = '{}', propertySourceLocations = '{}', propertySourceProperties = '{org.springframework.boot.test.autoconfigure.orm.jpa.DataJpaTestContextBootstrapper=true}', contextCustomizers = set[org.springframework.boot.test.autoconfigure.OverrideAutoConfigurationContextCustomizerFactory$DisableAutoConfigurationContextCustomizer@403f0a22, org.springframework.boot.test.autoconfigure.actuate.metrics.MetricsExportContextCustomizerFactory$DisableMetricExportContextCustomizer@77825085, org.springframework.boot.test.autoconfigure.filter.TypeExcludeFiltersContextCustomizer@351584c0, org.springframework.boot.test.autoconfigure.properties.PropertyMappingContextCustomizer@7c15dd47, org.springframework.boot.test.autoconfigure.web.servlet.WebDriverContextCustomizerFactory$Customizer@5dcd8c7a, [ImportsContextCustomizer@2a8d39c4 key = [org.springframework.boot.autoconfigure.cache.CacheAutoConfiguration, org.springframework.boot.autoconfigure.data.jpa.JpaRepositoriesAutoConfiguration, org.springframework.boot.autoconfigure.flyway.FlywayAutoConfiguration, org.springframework.boot.autoconfigure.jdbc.DataSourceAutoConfiguration, org.springframework.boot.autoconfigure.jdbc.DataSourceTransactionManagerAutoConfiguration, org.springframework.boot.autoconfigure.jdbc.JdbcTemplateAutoConfiguration, org.springframework.boot.autoconfigure.liquibase.LiquibaseAutoConfiguration, org.springframework.boot.autoconfigure.orm.jpa.HibernateJpaAutoConfiguration, org.springframework.boot.autoconfigure.sql.init.SqlInitializationAutoConfiguration, org.springframework.boot.autoconfigure.transaction.TransactionAutoConfiguration, org.springframework.boot.test.autoconfigure.jdbc.TestDatabaseAutoConfiguration, org.springframework.boot.test.autoconfigure.orm.jpa.TestEntityManagerAutoConfiguration]], org.springframework.boot.test.context.filter.ExcludeFilterContextCustomizer@5d5f10b2, org.springframework.boot.test.json.DuplicateJsonObjectContextCustomizerFactory$DuplicateJsonObjectContextCustomizer@53bd8fca, org.springframework.boot.test.mock.mockito.MockitoContextCustomizer@0, org.springframework.boot.test.context.SpringBootTestArgs@1, org.springframework.boot.test.context.SpringBootTestWebEnvironment@0], contextLoader = 'org.springframework.boot.test.context.SpringBootContextLoader', parent = [null]], attributes = map['org.springframework.test.context.event.ApplicationEventsTestExecutionListener.recordApplicationEvents' -> false]]].

  .   ____          _            __ _ _
 /\\ / ___'_ __ _ _(_)_ __  __ _ \ \ \ \
( ( )\___ | '_ | '_| | '_ \/ _` | \ \ \ \
 \\/  ___)| |_)| | | | | || (_| |  ) ) ) )
  '  |____| .__|_| |_|_| |_\__, | / / / /
 =========|_|==============|___/=/_/_/_/
 :: Spring Boot ::               (v2.7.11)

2023-08-16 22:57:54.044  INFO 20724 --- [    Test worker] c.t.d.mento.MentoJPARepositoryTest       : Starting MentoJPARepositoryTest using Java 17.0.6 on hwangdaeseon-ui-MacBookPro.local with PID 20724 (started by hwangdaeseon in /Users/hwangdaeseon/Project/NDotoring)
2023-08-16 22:57:54.045  INFO 20724 --- [    Test worker] c.t.d.mento.MentoJPARepositoryTest       : No active profile set, falling back to 1 default profile: "default"
2023-08-16 22:57:54.242  INFO 20724 --- [    Test worker] .s.d.r.c.RepositoryConfigurationDelegate : Multiple Spring Data modules found, entering strict repository configuration mode
2023-08-16 22:57:54.242  INFO 20724 --- [    Test worker] .s.d.r.c.RepositoryConfigurationDelegate : Bootstrapping Spring Data JPA repositories in DEFAULT mode.
2023-08-16 22:57:54.332  INFO 20724 --- [    Test worker] .s.d.r.c.RepositoryConfigurationDelegate : Finished Spring Data repository scanning in 86 ms. Found 9 JPA repository interfaces.
2023-08-16 22:57:54.357  INFO 20724 --- [    Test worker] beddedDataSourceBeanFactoryPostProcessor : Replacing 'dataSource' DataSource bean with embedded version
2023-08-16 22:57:54.431  INFO 20724 --- [    Test worker] o.s.j.d.e.EmbeddedDatabaseFactory        : Starting embedded database: url='jdbc:h2:mem:4caca1ca-0c29-4c7f-a402-e66290b90f7c;DB_CLOSE_DELAY=-1;DB_CLOSE_ON_EXIT=false', username='sa'
2023-08-16 22:57:54.573  INFO 20724 --- [    Test worker] o.hibernate.jpa.internal.util.LogHelper  : HHH000204: Processing PersistenceUnitInfo [name: default]
2023-08-16 22:57:54.600  INFO 20724 --- [    Test worker] org.hibernate.Version                    : HHH000412: Hibernate ORM core version 5.6.15.Final
2023-08-16 22:57:54.678  INFO 20724 --- [    Test worker] o.hibernate.annotations.common.Version   : HCANN000001: Hibernate Commons Annotations {5.1.2.Final}
2023-08-16 22:57:54.729  INFO 20724 --- [    Test worker] org.hibernate.dialect.Dialect            : HHH000400: Using dialect: org.hibernate.dialect.H2Dialect
2023-08-16 22:57:55.101 DEBUG 20724 --- [    Test worker] org.hibernate.SQL                        : 
    
    drop table if exists certificate CASCADE 
Hibernate: 
    
    drop table if exists certificate CASCADE 
2023-08-16 22:57:55.102 DEBUG 20724 --- [    Test worker] org.hibernate.SQL                        : 
    
    drop table if exists desired_field CASCADE 
Hibernate: 
    
    drop table if exists desired_field CASCADE 
2023-08-16 22:57:55.102 DEBUG 20724 --- [    Test worker] org.hibernate.SQL                        : 
    
    drop table if exists field CASCADE 
Hibernate: 
    
    drop table if exists field CASCADE 
2023-08-16 22:57:55.103 DEBUG 20724 --- [    Test worker] org.hibernate.SQL                        : 
    
    drop table if exists major CASCADE 
Hibernate: 
    
    drop table if exists major CASCADE 
2023-08-16 22:57:55.103 DEBUG 20724 --- [    Test worker] org.hibernate.SQL                        : 
    
    drop table if exists member_account CASCADE 
Hibernate: 
    
    drop table if exists member_account CASCADE 
2023-08-16 22:57:55.103 DEBUG 20724 --- [    Test worker] org.hibernate.SQL                        : 
    
    drop table if exists member_major CASCADE 
Hibernate: 
    
    drop table if exists member_major CASCADE 
2023-08-16 22:57:55.103 DEBUG 20724 --- [    Test worker] org.hibernate.SQL                        : 
    
    drop table if exists menti CASCADE 
Hibernate: 
    
    drop table if exists menti CASCADE 
2023-08-16 22:57:55.103 DEBUG 20724 --- [    Test worker] org.hibernate.SQL                        : 
    
    drop table if exists mento CASCADE 
Hibernate: 
    
    drop table if exists mento CASCADE 
2023-08-16 22:57:55.103 DEBUG 20724 --- [    Test worker] org.hibernate.SQL                        : 
    
    drop table if exists profile CASCADE 
Hibernate: 
    
    drop table if exists profile CASCADE 
2023-08-16 22:57:55.104 DEBUG 20724 --- [    Test worker] org.hibernate.SQL                        : 
    
    create table certificate (
       certificate_id bigint generated by default as identity,
        created_at timestamp not null,
        updated_at timestamp,
        original_file_name varchar(255),
        save_file_name varchar(255),
        member_id bigint,
        primary key (certificate_id)
    )
Hibernate: 
    
    create table certificate (
       certificate_id bigint generated by default as identity,
        created_at timestamp not null,
        updated_at timestamp,
        original_file_name varchar(255),
        save_file_name varchar(255),
        member_id bigint,
        primary key (certificate_id)
    )
2023-08-16 22:57:55.108 DEBUG 20724 --- [    Test worker] org.hibernate.SQL                        : 
    
    create table desired_field (
       desired_field_id bigint generated by default as identity,
        field_name varchar(255),
        menti_id bigint,
        mento_id bigint,
        primary key (desired_field_id)
    )
Hibernate: 
    
    create table desired_field (
       desired_field_id bigint generated by default as identity,
        field_name varchar(255),
        menti_id bigint,
        mento_id bigint,
        primary key (desired_field_id)
    )
2023-08-16 22:57:55.109 DEBUG 20724 --- [    Test worker] org.hibernate.SQL                        : 
    
    create table field (
       field_name varchar(255) not null,
        primary key (field_name)
    )
Hibernate: 
    
    create table field (
       field_name varchar(255) not null,
        primary key (field_name)
    )
2023-08-16 22:57:55.110 DEBUG 20724 --- [    Test worker] org.hibernate.SQL                        : 
    
    create table major (
       major_name varchar(255) not null,
        primary key (major_name)
    )
Hibernate: 
    
    create table major (
       major_name varchar(255) not null,
        primary key (major_name)
    )
2023-08-16 22:57:55.111 DEBUG 20724 --- [    Test worker] org.hibernate.SQL                        : 
    
    create table member_account (
       member_id bigint generated by default as identity,
        created_at timestamp not null,
        updated_at timestamp,
        email varchar(255),
        login_id varchar(12),
        password varchar(255),
        status varchar(255),
        primary key (member_id)
    )
Hibernate: 
    
    create table member_account (
       member_id bigint generated by default as identity,
        created_at timestamp not null,
        updated_at timestamp,
        email varchar(255),
        login_id varchar(12),
        password varchar(255),
        status varchar(255),
        primary key (member_id)
    )
2023-08-16 22:57:55.112 DEBUG 20724 --- [    Test worker] org.hibernate.SQL                        : 
    
    create table member_major (
       member_major_id bigint generated by default as identity,
        major_name varchar(255),
        menti_id bigint,
        mento_id bigint,
        primary key (member_major_id)
    )
Hibernate: 
    
    create table member_major (
       member_major_id bigint generated by default as identity,
        major_name varchar(255),
        menti_id bigint,
        mento_id bigint,
        primary key (member_major_id)
    )
2023-08-16 22:57:55.113 DEBUG 20724 --- [    Test worker] org.hibernate.SQL                        : 
    
    create table menti (
       mento_id bigint not null,
        created_at timestamp not null,
        updated_at timestamp,
        grade bigint,
        introduction varchar(100),
        nickname varchar(8),
        preferred_mentoring varchar(300),
        school varchar(255),
        view_count bigint,
        profile_profile_id bigint,
        primary key (mento_id)
    )
Hibernate: 
    
    create table menti (
       mento_id bigint not null,
        created_at timestamp not null,
        updated_at timestamp,
        grade bigint,
        introduction varchar(100),
        nickname varchar(8),
        preferred_mentoring varchar(300),
        school varchar(255),
        view_count bigint,
        profile_profile_id bigint,
        primary key (mento_id)
    )
2023-08-16 22:57:55.114 DEBUG 20724 --- [    Test worker] org.hibernate.SQL                        : 
    
    create table mento (
       mento_id bigint not null,
        created_at timestamp not null,
        updated_at timestamp,
        grade bigint,
        introduction varchar(100),
        mentoring_count integer,
        mentoring_system varchar(300),
        nickname varchar(8),
        school varchar(255),
        view_count bigint,
        profile_profile_id bigint,
        primary key (mento_id)
    )
Hibernate: 
    
    create table mento (
       mento_id bigint not null,
        created_at timestamp not null,
        updated_at timestamp,
        grade bigint,
        introduction varchar(100),
        mentoring_count integer,
        mentoring_system varchar(300),
        nickname varchar(8),
        school varchar(255),
        view_count bigint,
        profile_profile_id bigint,
        primary key (mento_id)
    )
2023-08-16 22:57:55.115 DEBUG 20724 --- [    Test worker] org.hibernate.SQL                        : 
    
    create table profile (
       profile_id bigint generated by default as identity,
        created_at timestamp not null,
        updated_at timestamp,
        original_profile_name varchar(255),
        saved_profile_name varchar(255),
        primary key (profile_id)
    )
Hibernate: 
    
    create table profile (
       profile_id bigint generated by default as identity,
        created_at timestamp not null,
        updated_at timestamp,
        original_profile_name varchar(255),
        saved_profile_name varchar(255),
        primary key (profile_id)
    )
2023-08-16 22:57:55.115 DEBUG 20724 --- [    Test worker] org.hibernate.SQL                        : 
    
    alter table member_account 
       add constraint UK_m42std5vxkwbuq5rbtqsjk4x3 unique (login_id)
Hibernate: 
    
    alter table member_account 
       add constraint UK_m42std5vxkwbuq5rbtqsjk4x3 unique (login_id)
2023-08-16 22:57:55.116 DEBUG 20724 --- [    Test worker] org.hibernate.SQL                        : 
    
    alter table menti 
       add constraint UK_rgme88cyp0qdjpvlaii01j41e unique (nickname)
Hibernate: 
    
    alter table menti 
       add constraint UK_rgme88cyp0qdjpvlaii01j41e unique (nickname)
2023-08-16 22:57:55.116 DEBUG 20724 --- [    Test worker] org.hibernate.SQL                        : 
    
    alter table mento 
       add constraint UK_t20jk7xborg6qmp59a1ymeq1q unique (nickname)
Hibernate: 
    
    alter table mento 
       add constraint UK_t20jk7xborg6qmp59a1ymeq1q unique (nickname)
2023-08-16 22:57:55.116 DEBUG 20724 --- [    Test worker] org.hibernate.SQL                        : 
    
    alter table certificate 
       add constraint FK56g6co5krq5ton6a8xrvntjag 
       foreign key (member_id) 
       references member_account
Hibernate: 
    
    alter table certificate 
       add constraint FK56g6co5krq5ton6a8xrvntjag 
       foreign key (member_id) 
       references member_account
2023-08-16 22:57:55.121 DEBUG 20724 --- [    Test worker] org.hibernate.SQL                        : 
    
    alter table desired_field 
       add constraint FKpr3t2t3pc0ywcrym85iavgql 
       foreign key (field_name) 
       references field
Hibernate: 
    
    alter table desired_field 
       add constraint FKpr3t2t3pc0ywcrym85iavgql 
       foreign key (field_name) 
       references field
2023-08-16 22:57:55.123 DEBUG 20724 --- [    Test worker] org.hibernate.SQL                        : 
    
    alter table desired_field 
       add constraint FKd6yys3af2ccmjf41prur7rr2 
       foreign key (menti_id) 
       references menti
Hibernate: 
    
    alter table desired_field 
       add constraint FKd6yys3af2ccmjf41prur7rr2 
       foreign key (menti_id) 
       references menti
2023-08-16 22:57:55.123 DEBUG 20724 --- [    Test worker] org.hibernate.SQL                        : 
    
    alter table desired_field 
       add constraint FK6j7uyphsc6oth8a96vk5wriow 
       foreign key (mento_id) 
       references mento
Hibernate: 
    
    alter table desired_field 
       add constraint FK6j7uyphsc6oth8a96vk5wriow 
       foreign key (mento_id) 
       references mento
2023-08-16 22:57:55.124 DEBUG 20724 --- [    Test worker] org.hibernate.SQL                        : 
    
    alter table member_major 
       add constraint FKnknjx9n040ev8rew3bykiqp2o 
       foreign key (major_name) 
       references major
Hibernate: 
    
    alter table member_major 
       add constraint FKnknjx9n040ev8rew3bykiqp2o 
       foreign key (major_name) 
       references major
2023-08-16 22:57:55.125 DEBUG 20724 --- [    Test worker] org.hibernate.SQL                        : 
    
    alter table member_major 
       add constraint FKeu8ew3m9ia4pa9r4p4tkbljft 
       foreign key (menti_id) 
       references menti
Hibernate: 
    
    alter table member_major 
       add constraint FKeu8ew3m9ia4pa9r4p4tkbljft 
       foreign key (menti_id) 
       references menti
2023-08-16 22:57:55.126 DEBUG 20724 --- [    Test worker] org.hibernate.SQL                        : 
    
    alter table member_major 
       add constraint FKbaixae3yb9p6pkhu3skxr5jkr 
       foreign key (mento_id) 
       references mento
Hibernate: 
    
    alter table member_major 
       add constraint FKbaixae3yb9p6pkhu3skxr5jkr 
       foreign key (mento_id) 
       references mento
2023-08-16 22:57:55.127 DEBUG 20724 --- [    Test worker] org.hibernate.SQL                        : 
    
    alter table menti 
       add constraint FK9adrahm36ylb7k13ho3qeq54b 
       foreign key (profile_profile_id) 
       references profile
Hibernate: 
    
    alter table menti 
       add constraint FK9adrahm36ylb7k13ho3qeq54b 
       foreign key (profile_profile_id) 
       references profile
2023-08-16 22:57:55.128 DEBUG 20724 --- [    Test worker] org.hibernate.SQL                        : 
    
    alter table menti 
       add constraint FKcy9u7u7by269dq99851x3wsmc 
       foreign key (mento_id) 
       references member_account
Hibernate: 
    
    alter table menti 
       add constraint FKcy9u7u7by269dq99851x3wsmc 
       foreign key (mento_id) 
       references member_account
2023-08-16 22:57:55.128 DEBUG 20724 --- [    Test worker] org.hibernate.SQL                        : 
    
    alter table mento 
       add constraint FK3857tpcc61d2hekrqvir7yffw 
       foreign key (profile_profile_id) 
       references profile
Hibernate: 
    
    alter table mento 
       add constraint FK3857tpcc61d2hekrqvir7yffw 
       foreign key (profile_profile_id) 
       references profile
2023-08-16 22:57:55.129 DEBUG 20724 --- [    Test worker] org.hibernate.SQL                        : 
    
    alter table mento 
       add constraint FK5r6igmeaeokrobaiqix8m8tb2 
       foreign key (mento_id) 
       references member_account
Hibernate: 
    
    alter table mento 
       add constraint FK5r6igmeaeokrobaiqix8m8tb2 
       foreign key (mento_id) 
       references member_account
2023-08-16 22:57:55.131  INFO 20724 --- [    Test worker] o.h.e.t.j.p.i.JtaPlatformInitiator       : HHH000490: Using JtaPlatform implementation: [org.hibernate.engine.transaction.jta.platform.internal.NoJtaPlatform]
2023-08-16 22:57:55.135  INFO 20724 --- [    Test worker] j.LocalContainerEntityManagerFactoryBean : Initialized JPA EntityManagerFactory for persistence unit 'default'
2023-08-16 22:57:55.476  INFO 20724 --- [    Test worker] c.t.d.mento.MentoJPARepositoryTest       : Started MentoJPARepositoryTest in 1.595 seconds (JVM running for 2.119)
2023-08-16 22:57:55.490  INFO 20724 --- [    Test worker] o.s.t.c.transaction.TransactionContext   : Began transaction (1) for test context [DefaultTestContext@1af146 testClass = MentoJPARepositoryTest, testInstance = com.theZ.dotoring.mento.MentoJPARepositoryTest@15cafec7, testMethod = findMentosWithProfileAndFieldsAndMajorsUsingFetchJoinByMentoId@MentoJPARepositoryTest, testException = [null], mergedContextConfiguration = [MergedContextConfiguration@4da602fc testClass = MentoJPARepositoryTest, locations = '{}', classes = '{class com.theZ.dotoring.DotoringApplication}', contextInitializerClasses = '[]', activeProfiles = '{}', propertySourceLocations = '{}', propertySourceProperties = '{org.springframework.boot.test.autoconfigure.orm.jpa.DataJpaTestContextBootstrapper=true}', contextCustomizers = set[org.springframework.boot.test.autoconfigure.OverrideAutoConfigurationContextCustomizerFactory$DisableAutoConfigurationContextCustomizer@403f0a22, org.springframework.boot.test.autoconfigure.actuate.metrics.MetricsExportContextCustomizerFactory$DisableMetricExportContextCustomizer@77825085, org.springframework.boot.test.autoconfigure.filter.TypeExcludeFiltersContextCustomizer@351584c0, org.springframework.boot.test.autoconfigure.properties.PropertyMappingContextCustomizer@7c15dd47, org.springframework.boot.test.autoconfigure.web.servlet.WebDriverContextCustomizerFactory$Customizer@5dcd8c7a, [ImportsContextCustomizer@2a8d39c4 key = [org.springframework.boot.autoconfigure.cache.CacheAutoConfiguration, org.springframework.boot.autoconfigure.data.jpa.JpaRepositoriesAutoConfiguration, org.springframework.boot.autoconfigure.flyway.FlywayAutoConfiguration, org.springframework.boot.autoconfigure.jdbc.DataSourceAutoConfiguration, org.springframework.boot.autoconfigure.jdbc.DataSourceTransactionManagerAutoConfiguration, org.springframework.boot.autoconfigure.jdbc.JdbcTemplateAutoConfiguration, org.springframework.boot.autoconfigure.liquibase.LiquibaseAutoConfiguration, org.springframework.boot.autoconfigure.orm.jpa.HibernateJpaAutoConfiguration, org.springframework.boot.autoconfigure.sql.init.SqlInitializationAutoConfiguration, org.springframework.boot.autoconfigure.transaction.TransactionAutoConfiguration, org.springframework.boot.test.autoconfigure.jdbc.TestDatabaseAutoConfiguration, org.springframework.boot.test.autoconfigure.orm.jpa.TestEntityManagerAutoConfiguration]], org.springframework.boot.test.context.filter.ExcludeFilterContextCustomizer@5d5f10b2, org.springframework.boot.test.json.DuplicateJsonObjectContextCustomizerFactory$DuplicateJsonObjectContextCustomizer@53bd8fca, org.springframework.boot.test.mock.mockito.MockitoContextCustomizer@0, org.springframework.boot.test.context.SpringBootTestArgs@1, org.springframework.boot.test.context.SpringBootTestWebEnvironment@0], contextLoader = 'org.springframework.boot.test.context.SpringBootContextLoader', parent = [null]], attributes = map['org.springframework.test.context.event.ApplicationEventsTestExecutionListener.recordApplicationEvents' -> false]]; transaction manager [org.springframework.orm.jpa.JpaTransactionManager@625db0e0]; rollback [true]
2023-08-16 22:57:55.583 DEBUG 20724 --- [    Test worker] org.hibernate.SQL                        : 
    select
        major0_.major_name as major_na1_3_0_ 
    from
        major major0_ 
    where
        major0_.major_name=?
Hibernate: 
    select
        major0_.major_name as major_na1_3_0_ 
    from
        major major0_ 
    where
        major0_.major_name=?
2023-08-16 22:57:55.601 DEBUG 20724 --- [    Test worker] org.hibernate.SQL                        : 
    select
        major0_.major_name as major_na1_3_0_ 
    from
        major major0_ 
    where
        major0_.major_name=?
Hibernate: 
    select
        major0_.major_name as major_na1_3_0_ 
    from
        major major0_ 
    where
        major0_.major_name=?
2023-08-16 22:57:55.602 DEBUG 20724 --- [    Test worker] org.hibernate.SQL                        : 
    select
        major0_.major_name as major_na1_3_0_ 
    from
        major major0_ 
    where
        major0_.major_name=?
Hibernate: 
    select
        major0_.major_name as major_na1_3_0_ 
    from
        major major0_ 
    where
        major0_.major_name=?
2023-08-16 22:57:55.602 DEBUG 20724 --- [    Test worker] org.hibernate.SQL                        : 
    select
        major0_.major_name as major_na1_3_0_ 
    from
        major major0_ 
    where
        major0_.major_name=?
Hibernate: 
    select
        major0_.major_name as major_na1_3_0_ 
    from
        major major0_ 
    where
        major0_.major_name=?
2023-08-16 22:57:55.603 DEBUG 20724 --- [    Test worker] org.hibernate.SQL                        : 
    select
        major0_.major_name as major_na1_3_0_ 
    from
        major major0_ 
    where
        major0_.major_name=?
Hibernate: 
    select
        major0_.major_name as major_na1_3_0_ 
    from
        major major0_ 
    where
        major0_.major_name=?
2023-08-16 22:57:55.603 DEBUG 20724 --- [    Test worker] org.hibernate.SQL                        : 
    select
        major0_.major_name as major_na1_3_0_ 
    from
        major major0_ 
    where
        major0_.major_name=?
Hibernate: 
    select
        major0_.major_name as major_na1_3_0_ 
    from
        major major0_ 
    where
        major0_.major_name=?
2023-08-16 22:57:55.603 DEBUG 20724 --- [    Test worker] org.hibernate.SQL                        : 
    select
        major0_.major_name as major_na1_3_0_ 
    from
        major major0_ 
    where
        major0_.major_name=?
Hibernate: 
    select
        major0_.major_name as major_na1_3_0_ 
    from
        major major0_ 
    where
        major0_.major_name=?
2023-08-16 22:57:55.604 DEBUG 20724 --- [    Test worker] org.hibernate.SQL                        : 
    select
        major0_.major_name as major_na1_3_0_ 
    from
        major major0_ 
    where
        major0_.major_name=?
Hibernate: 
    select
        major0_.major_name as major_na1_3_0_ 
    from
        major major0_ 
    where
        major0_.major_name=?
2023-08-16 22:57:55.605 DEBUG 20724 --- [    Test worker] org.hibernate.SQL                        : 
    select
        major0_.major_name as major_na1_3_0_ 
    from
        major major0_ 
    where
        major0_.major_name=?
Hibernate: 
    select
        major0_.major_name as major_na1_3_0_ 
    from
        major major0_ 
    where
        major0_.major_name=?
2023-08-16 22:57:55.605 DEBUG 20724 --- [    Test worker] org.hibernate.SQL                        : 
    select
        major0_.major_name as major_na1_3_0_ 
    from
        major major0_ 
    where
        major0_.major_name=?
Hibernate: 
    select
        major0_.major_name as major_na1_3_0_ 
    from
        major major0_ 
    where
        major0_.major_name=?
2023-08-16 22:57:55.605 DEBUG 20724 --- [    Test worker] org.hibernate.SQL                        : 
    select
        major0_.major_name as major_na1_3_0_ 
    from
        major major0_ 
    where
        major0_.major_name=?
Hibernate: 
    select
        major0_.major_name as major_na1_3_0_ 
    from
        major major0_ 
    where
        major0_.major_name=?
2023-08-16 22:57:55.605 DEBUG 20724 --- [    Test worker] org.hibernate.SQL                        : 
    select
        major0_.major_name as major_na1_3_0_ 
    from
        major major0_ 
    where
        major0_.major_name=?
Hibernate: 
    select
        major0_.major_name as major_na1_3_0_ 
    from
        major major0_ 
    where
        major0_.major_name=?
2023-08-16 22:57:55.606 DEBUG 20724 --- [    Test worker] org.hibernate.SQL                        : 
    select
        major0_.major_name as major_na1_3_0_ 
    from
        major major0_ 
    where
        major0_.major_name=?
Hibernate: 
    select
        major0_.major_name as major_na1_3_0_ 
    from
        major major0_ 
    where
        major0_.major_name=?
2023-08-16 22:57:55.606 DEBUG 20724 --- [    Test worker] org.hibernate.SQL                        : 
    select
        major0_.major_name as major_na1_3_0_ 
    from
        major major0_ 
    where
        major0_.major_name=?
Hibernate: 
    select
        major0_.major_name as major_na1_3_0_ 
    from
        major major0_ 
    where
        major0_.major_name=?
2023-08-16 22:57:55.606 DEBUG 20724 --- [    Test worker] org.hibernate.SQL                        : 
    select
        major0_.major_name as major_na1_3_0_ 
    from
        major major0_ 
    where
        major0_.major_name=?
Hibernate: 
    select
        major0_.major_name as major_na1_3_0_ 
    from
        major major0_ 
    where
        major0_.major_name=?
2023-08-16 22:57:55.607 DEBUG 20724 --- [    Test worker] org.hibernate.SQL                        : 
    select
        major0_.major_name as major_na1_3_0_ 
    from
        major major0_ 
    where
        major0_.major_name=?
Hibernate: 
    select
        major0_.major_name as major_na1_3_0_ 
    from
        major major0_ 
    where
        major0_.major_name=?
2023-08-16 22:57:55.608 DEBUG 20724 --- [    Test worker] org.hibernate.SQL                        : 
    select
        major0_.major_name as major_na1_3_0_ 
    from
        major major0_ 
    where
        major0_.major_name=?
Hibernate: 
    select
        major0_.major_name as major_na1_3_0_ 
    from
        major major0_ 
    where
        major0_.major_name=?
2023-08-16 22:57:55.608 DEBUG 20724 --- [    Test worker] org.hibernate.SQL                        : 
    select
        major0_.major_name as major_na1_3_0_ 
    from
        major major0_ 
    where
        major0_.major_name=?
Hibernate: 
    select
        major0_.major_name as major_na1_3_0_ 
    from
        major major0_ 
    where
        major0_.major_name=?
2023-08-16 22:57:55.608 DEBUG 20724 --- [    Test worker] org.hibernate.SQL                        : 
    select
        major0_.major_name as major_na1_3_0_ 
    from
        major major0_ 
    where
        major0_.major_name=?
Hibernate: 
    select
        major0_.major_name as major_na1_3_0_ 
    from
        major major0_ 
    where
        major0_.major_name=?
2023-08-16 22:57:55.609 DEBUG 20724 --- [    Test worker] org.hibernate.SQL                        : 
    select
        major0_.major_name as major_na1_3_0_ 
    from
        major major0_ 
    where
        major0_.major_name=?
Hibernate: 
    select
        major0_.major_name as major_na1_3_0_ 
    from
        major major0_ 
    where
        major0_.major_name=?
2023-08-16 22:57:55.609 DEBUG 20724 --- [    Test worker] org.hibernate.SQL                        : 
    select
        major0_.major_name as major_na1_3_0_ 
    from
        major major0_ 
    where
        major0_.major_name=?
Hibernate: 
    select
        major0_.major_name as major_na1_3_0_ 
    from
        major major0_ 
    where
        major0_.major_name=?
2023-08-16 22:57:55.609 DEBUG 20724 --- [    Test worker] org.hibernate.SQL                        : 
    select
        major0_.major_name as major_na1_3_0_ 
    from
        major major0_ 
    where
        major0_.major_name=?
Hibernate: 
    select
        major0_.major_name as major_na1_3_0_ 
    from
        major major0_ 
    where
        major0_.major_name=?
2023-08-16 22:57:55.610 DEBUG 20724 --- [    Test worker] org.hibernate.SQL                        : 
    select
        major0_.major_name as major_na1_3_0_ 
    from
        major major0_ 
    where
        major0_.major_name=?
Hibernate: 
    select
        major0_.major_name as major_na1_3_0_ 
    from
        major major0_ 
    where
        major0_.major_name=?
2023-08-16 22:57:55.610 DEBUG 20724 --- [    Test worker] org.hibernate.SQL                        : 
    select
        major0_.major_name as major_na1_3_0_ 
    from
        major major0_ 
    where
        major0_.major_name=?
Hibernate: 
    select
        major0_.major_name as major_na1_3_0_ 
    from
        major major0_ 
    where
        major0_.major_name=?
2023-08-16 22:57:55.610 DEBUG 20724 --- [    Test worker] org.hibernate.SQL                        : 
    select
        major0_.major_name as major_na1_3_0_ 
    from
        major major0_ 
    where
        major0_.major_name=?
Hibernate: 
    select
        major0_.major_name as major_na1_3_0_ 
    from
        major major0_ 
    where
        major0_.major_name=?
2023-08-16 22:57:55.611 DEBUG 20724 --- [    Test worker] org.hibernate.SQL                        : 
    select
        major0_.major_name as major_na1_3_0_ 
    from
        major major0_ 
    where
        major0_.major_name=?
Hibernate: 
    select
        major0_.major_name as major_na1_3_0_ 
    from
        major major0_ 
    where
        major0_.major_name=?
2023-08-16 22:57:55.611 DEBUG 20724 --- [    Test worker] org.hibernate.SQL                        : 
    select
        major0_.major_name as major_na1_3_0_ 
    from
        major major0_ 
    where
        major0_.major_name=?
Hibernate: 
    select
        major0_.major_name as major_na1_3_0_ 
    from
        major major0_ 
    where
        major0_.major_name=?
2023-08-16 22:57:55.611 DEBUG 20724 --- [    Test worker] org.hibernate.SQL                        : 
    select
        major0_.major_name as major_na1_3_0_ 
    from
        major major0_ 
    where
        major0_.major_name=?
Hibernate: 
    select
        major0_.major_name as major_na1_3_0_ 
    from
        major major0_ 
    where
        major0_.major_name=?
2023-08-16 22:57:55.611 DEBUG 20724 --- [    Test worker] org.hibernate.SQL                        : 
    select
        major0_.major_name as major_na1_3_0_ 
    from
        major major0_ 
    where
        major0_.major_name=?
Hibernate: 
    select
        major0_.major_name as major_na1_3_0_ 
    from
        major major0_ 
    where
        major0_.major_name=?
2023-08-16 22:57:55.612 DEBUG 20724 --- [    Test worker] org.hibernate.SQL                        : 
    select
        major0_.major_name as major_na1_3_0_ 
    from
        major major0_ 
    where
        major0_.major_name=?
Hibernate: 
    select
        major0_.major_name as major_na1_3_0_ 
    from
        major major0_ 
    where
        major0_.major_name=?
2023-08-16 22:57:55.612 DEBUG 20724 --- [    Test worker] org.hibernate.SQL                        : 
    select
        major0_.major_name as major_na1_3_0_ 
    from
        major major0_ 
    where
        major0_.major_name=?
Hibernate: 
    select
        major0_.major_name as major_na1_3_0_ 
    from
        major major0_ 
    where
        major0_.major_name=?
2023-08-16 22:57:55.613 DEBUG 20724 --- [    Test worker] org.hibernate.SQL                        : 
    select
        major0_.major_name as major_na1_3_0_ 
    from
        major major0_ 
    where
        major0_.major_name=?
Hibernate: 
    select
        major0_.major_name as major_na1_3_0_ 
    from
        major major0_ 
    where
        major0_.major_name=?
2023-08-16 22:57:55.613 DEBUG 20724 --- [    Test worker] org.hibernate.SQL                        : 
    select
        major0_.major_name as major_na1_3_0_ 
    from
        major major0_ 
    where
        major0_.major_name=?
Hibernate: 
    select
        major0_.major_name as major_na1_3_0_ 
    from
        major major0_ 
    where
        major0_.major_name=?
2023-08-16 22:57:55.613 DEBUG 20724 --- [    Test worker] org.hibernate.SQL                        : 
    select
        major0_.major_name as major_na1_3_0_ 
    from
        major major0_ 
    where
        major0_.major_name=?
Hibernate: 
    select
        major0_.major_name as major_na1_3_0_ 
    from
        major major0_ 
    where
        major0_.major_name=?
2023-08-16 22:57:55.614 DEBUG 20724 --- [    Test worker] org.hibernate.SQL                        : 
    select
        major0_.major_name as major_na1_3_0_ 
    from
        major major0_ 
    where
        major0_.major_name=?
Hibernate: 
    select
        major0_.major_name as major_na1_3_0_ 
    from
        major major0_ 
    where
        major0_.major_name=?
2023-08-16 22:57:55.614 DEBUG 20724 --- [    Test worker] org.hibernate.SQL                        : 
    select
        major0_.major_name as major_na1_3_0_ 
    from
        major major0_ 
    where
        major0_.major_name=?
Hibernate: 
    select
        major0_.major_name as major_na1_3_0_ 
    from
        major major0_ 
    where
        major0_.major_name=?
2023-08-16 22:57:55.615 DEBUG 20724 --- [    Test worker] org.hibernate.SQL                        : 
    select
        major0_.major_name as major_na1_3_0_ 
    from
        major major0_ 
    where
        major0_.major_name=?
Hibernate: 
    select
        major0_.major_name as major_na1_3_0_ 
    from
        major major0_ 
    where
        major0_.major_name=?
2023-08-16 22:57:55.615 DEBUG 20724 --- [    Test worker] org.hibernate.SQL                        : 
    select
        major0_.major_name as major_na1_3_0_ 
    from
        major major0_ 
    where
        major0_.major_name=?
Hibernate: 
    select
        major0_.major_name as major_na1_3_0_ 
    from
        major major0_ 
    where
        major0_.major_name=?
2023-08-16 22:57:55.616 DEBUG 20724 --- [    Test worker] org.hibernate.SQL                        : 
    select
        major0_.major_name as major_na1_3_0_ 
    from
        major major0_ 
    where
        major0_.major_name=?
Hibernate: 
    select
        major0_.major_name as major_na1_3_0_ 
    from
        major major0_ 
    where
        major0_.major_name=?
2023-08-16 22:57:55.616 DEBUG 20724 --- [    Test worker] org.hibernate.SQL                        : 
    select
        major0_.major_name as major_na1_3_0_ 
    from
        major major0_ 
    where
        major0_.major_name=?
Hibernate: 
    select
        major0_.major_name as major_na1_3_0_ 
    from
        major major0_ 
    where
        major0_.major_name=?
2023-08-16 22:57:55.616 DEBUG 20724 --- [    Test worker] org.hibernate.SQL                        : 
    select
        major0_.major_name as major_na1_3_0_ 
    from
        major major0_ 
    where
        major0_.major_name=?
Hibernate: 
    select
        major0_.major_name as major_na1_3_0_ 
    from
        major major0_ 
    where
        major0_.major_name=?
2023-08-16 22:57:55.616 DEBUG 20724 --- [    Test worker] org.hibernate.SQL                        : 
    select
        major0_.major_name as major_na1_3_0_ 
    from
        major major0_ 
    where
        major0_.major_name=?
Hibernate: 
    select
        major0_.major_name as major_na1_3_0_ 
    from
        major major0_ 
    where
        major0_.major_name=?
2023-08-16 22:57:55.617 DEBUG 20724 --- [    Test worker] org.hibernate.SQL                        : 
    select
        major0_.major_name as major_na1_3_0_ 
    from
        major major0_ 
    where
        major0_.major_name=?
Hibernate: 
    select
        major0_.major_name as major_na1_3_0_ 
    from
        major major0_ 
    where
        major0_.major_name=?
2023-08-16 22:57:55.617 DEBUG 20724 --- [    Test worker] org.hibernate.SQL                        : 
    select
        major0_.major_name as major_na1_3_0_ 
    from
        major major0_ 
    where
        major0_.major_name=?
Hibernate: 
    select
        major0_.major_name as major_na1_3_0_ 
    from
        major major0_ 
    where
        major0_.major_name=?
2023-08-16 22:57:55.617 DEBUG 20724 --- [    Test worker] org.hibernate.SQL                        : 
    select
        major0_.major_name as major_na1_3_0_ 
    from
        major major0_ 
    where
        major0_.major_name=?
Hibernate: 
    select
        major0_.major_name as major_na1_3_0_ 
    from
        major major0_ 
    where
        major0_.major_name=?
2023-08-16 22:57:55.617 DEBUG 20724 --- [    Test worker] org.hibernate.SQL                        : 
    select
        major0_.major_name as major_na1_3_0_ 
    from
        major major0_ 
    where
        major0_.major_name=?
Hibernate: 
    select
        major0_.major_name as major_na1_3_0_ 
    from
        major major0_ 
    where
        major0_.major_name=?
2023-08-16 22:57:55.617 DEBUG 20724 --- [    Test worker] org.hibernate.SQL                        : 
    select
        major0_.major_name as major_na1_3_0_ 
    from
        major major0_ 
    where
        major0_.major_name=?
Hibernate: 
    select
        major0_.major_name as major_na1_3_0_ 
    from
        major major0_ 
    where
        major0_.major_name=?
2023-08-16 22:57:55.618 DEBUG 20724 --- [    Test worker] org.hibernate.SQL                        : 
    select
        major0_.major_name as major_na1_3_0_ 
    from
        major major0_ 
    where
        major0_.major_name=?
Hibernate: 
    select
        major0_.major_name as major_na1_3_0_ 
    from
        major major0_ 
    where
        major0_.major_name=?
2023-08-16 22:57:55.619 DEBUG 20724 --- [    Test worker] org.hibernate.SQL                        : 
    select
        major0_.major_name as major_na1_3_0_ 
    from
        major major0_ 
    where
        major0_.major_name=?
Hibernate: 
    select
        major0_.major_name as major_na1_3_0_ 
    from
        major major0_ 
    where
        major0_.major_name=?
2023-08-16 22:57:55.620 DEBUG 20724 --- [    Test worker] org.hibernate.SQL                        : 
    select
        major0_.major_name as major_na1_3_0_ 
    from
        major major0_ 
    where
        major0_.major_name=?
Hibernate: 
    select
        major0_.major_name as major_na1_3_0_ 
    from
        major major0_ 
    where
        major0_.major_name=?
2023-08-16 22:57:55.620 DEBUG 20724 --- [    Test worker] org.hibernate.SQL                        : 
    select
        major0_.major_name as major_na1_3_0_ 
    from
        major major0_ 
    where
        major0_.major_name=?
Hibernate: 
    select
        major0_.major_name as major_na1_3_0_ 
    from
        major major0_ 
    where
        major0_.major_name=?
2023-08-16 22:57:55.621 DEBUG 20724 --- [    Test worker] org.hibernate.SQL                        : 
    select
        major0_.major_name as major_na1_3_0_ 
    from
        major major0_ 
    where
        major0_.major_name=?
Hibernate: 
    select
        major0_.major_name as major_na1_3_0_ 
    from
        major major0_ 
    where
        major0_.major_name=?
2023-08-16 22:57:55.621 DEBUG 20724 --- [    Test worker] org.hibernate.SQL                        : 
    select
        major0_.major_name as major_na1_3_0_ 
    from
        major major0_ 
    where
        major0_.major_name=?
Hibernate: 
    select
        major0_.major_name as major_na1_3_0_ 
    from
        major major0_ 
    where
        major0_.major_name=?
2023-08-16 22:57:55.621 DEBUG 20724 --- [    Test worker] org.hibernate.SQL                        : 
    select
        major0_.major_name as major_na1_3_0_ 
    from
        major major0_ 
    where
        major0_.major_name=?
Hibernate: 
    select
        major0_.major_name as major_na1_3_0_ 
    from
        major major0_ 
    where
        major0_.major_name=?
2023-08-16 22:57:55.621 DEBUG 20724 --- [    Test worker] org.hibernate.SQL                        : 
    select
        major0_.major_name as major_na1_3_0_ 
    from
        major major0_ 
    where
        major0_.major_name=?
Hibernate: 
    select
        major0_.major_name as major_na1_3_0_ 
    from
        major major0_ 
    where
        major0_.major_name=?
2023-08-16 22:57:55.622 DEBUG 20724 --- [    Test worker] org.hibernate.SQL                        : 
    select
        major0_.major_name as major_na1_3_0_ 
    from
        major major0_ 
    where
        major0_.major_name=?
Hibernate: 
    select
        major0_.major_name as major_na1_3_0_ 
    from
        major major0_ 
    where
        major0_.major_name=?
2023-08-16 22:57:55.623 DEBUG 20724 --- [    Test worker] org.hibernate.SQL                        : 
    select
        major0_.major_name as major_na1_3_0_ 
    from
        major major0_ 
    where
        major0_.major_name=?
Hibernate: 
    select
        major0_.major_name as major_na1_3_0_ 
    from
        major major0_ 
    where
        major0_.major_name=?
2023-08-16 22:57:55.623 DEBUG 20724 --- [    Test worker] org.hibernate.SQL                        : 
    select
        major0_.major_name as major_na1_3_0_ 
    from
        major major0_ 
    where
        major0_.major_name=?
Hibernate: 
    select
        major0_.major_name as major_na1_3_0_ 
    from
        major major0_ 
    where
        major0_.major_name=?
2023-08-16 22:57:55.623 DEBUG 20724 --- [    Test worker] org.hibernate.SQL                        : 
    select
        major0_.major_name as major_na1_3_0_ 
    from
        major major0_ 
    where
        major0_.major_name=?
Hibernate: 
    select
        major0_.major_name as major_na1_3_0_ 
    from
        major major0_ 
    where
        major0_.major_name=?
2023-08-16 22:57:55.623 DEBUG 20724 --- [    Test worker] org.hibernate.SQL                        : 
    select
        major0_.major_name as major_na1_3_0_ 
    from
        major major0_ 
    where
        major0_.major_name=?
Hibernate: 
    select
        major0_.major_name as major_na1_3_0_ 
    from
        major major0_ 
    where
        major0_.major_name=?
2023-08-16 22:57:55.624 DEBUG 20724 --- [    Test worker] org.hibernate.SQL                        : 
    select
        major0_.major_name as major_na1_3_0_ 
    from
        major major0_ 
    where
        major0_.major_name=?
Hibernate: 
    select
        major0_.major_name as major_na1_3_0_ 
    from
        major major0_ 
    where
        major0_.major_name=?
2023-08-16 22:57:55.624 DEBUG 20724 --- [    Test worker] org.hibernate.SQL                        : 
    select
        major0_.major_name as major_na1_3_0_ 
    from
        major major0_ 
    where
        major0_.major_name=?
Hibernate: 
    select
        major0_.major_name as major_na1_3_0_ 
    from
        major major0_ 
    where
        major0_.major_name=?
2023-08-16 22:57:55.624 DEBUG 20724 --- [    Test worker] org.hibernate.SQL                        : 
    select
        major0_.major_name as major_na1_3_0_ 
    from
        major major0_ 
    where
        major0_.major_name=?
Hibernate: 
    select
        major0_.major_name as major_na1_3_0_ 
    from
        major major0_ 
    where
        major0_.major_name=?
2023-08-16 22:57:55.624 DEBUG 20724 --- [    Test worker] org.hibernate.SQL                        : 
    select
        major0_.major_name as major_na1_3_0_ 
    from
        major major0_ 
    where
        major0_.major_name=?
Hibernate: 
    select
        major0_.major_name as major_na1_3_0_ 
    from
        major major0_ 
    where
        major0_.major_name=?
2023-08-16 22:57:55.625 DEBUG 20724 --- [    Test worker] org.hibernate.SQL                        : 
    select
        major0_.major_name as major_na1_3_0_ 
    from
        major major0_ 
    where
        major0_.major_name=?
Hibernate: 
    select
        major0_.major_name as major_na1_3_0_ 
    from
        major major0_ 
    where
        major0_.major_name=?
2023-08-16 22:57:55.626 DEBUG 20724 --- [    Test worker] org.hibernate.SQL                        : 
    select
        major0_.major_name as major_na1_3_0_ 
    from
        major major0_ 
    where
        major0_.major_name=?
Hibernate: 
    select
        major0_.major_name as major_na1_3_0_ 
    from
        major major0_ 
    where
        major0_.major_name=?
2023-08-16 22:57:55.626 DEBUG 20724 --- [    Test worker] org.hibernate.SQL                        : 
    select
        major0_.major_name as major_na1_3_0_ 
    from
        major major0_ 
    where
        major0_.major_name=?
Hibernate: 
    select
        major0_.major_name as major_na1_3_0_ 
    from
        major major0_ 
    where
        major0_.major_name=?
2023-08-16 22:57:55.626 DEBUG 20724 --- [    Test worker] org.hibernate.SQL                        : 
    select
        major0_.major_name as major_na1_3_0_ 
    from
        major major0_ 
    where
        major0_.major_name=?
Hibernate: 
    select
        major0_.major_name as major_na1_3_0_ 
    from
        major major0_ 
    where
        major0_.major_name=?
2023-08-16 22:57:55.627 DEBUG 20724 --- [    Test worker] org.hibernate.SQL                        : 
    select
        major0_.major_name as major_na1_3_0_ 
    from
        major major0_ 
    where
        major0_.major_name=?
Hibernate: 
    select
        major0_.major_name as major_na1_3_0_ 
    from
        major major0_ 
    where
        major0_.major_name=?
2023-08-16 22:57:55.627 DEBUG 20724 --- [    Test worker] org.hibernate.SQL                        : 
    select
        major0_.major_name as major_na1_3_0_ 
    from
        major major0_ 
    where
        major0_.major_name=?
Hibernate: 
    select
        major0_.major_name as major_na1_3_0_ 
    from
        major major0_ 
    where
        major0_.major_name=?
2023-08-16 22:57:55.627 DEBUG 20724 --- [    Test worker] org.hibernate.SQL                        : 
    select
        major0_.major_name as major_na1_3_0_ 
    from
        major major0_ 
    where
        major0_.major_name=?
Hibernate: 
    select
        major0_.major_name as major_na1_3_0_ 
    from
        major major0_ 
    where
        major0_.major_name=?
2023-08-16 22:57:55.628 DEBUG 20724 --- [    Test worker] org.hibernate.SQL                        : 
    select
        major0_.major_name as major_na1_3_0_ 
    from
        major major0_ 
    where
        major0_.major_name=?
Hibernate: 
    select
        major0_.major_name as major_na1_3_0_ 
    from
        major major0_ 
    where
        major0_.major_name=?
2023-08-16 22:57:55.628 DEBUG 20724 --- [    Test worker] org.hibernate.SQL                        : 
    select
        major0_.major_name as major_na1_3_0_ 
    from
        major major0_ 
    where
        major0_.major_name=?
Hibernate: 
    select
        major0_.major_name as major_na1_3_0_ 
    from
        major major0_ 
    where
        major0_.major_name=?
2023-08-16 22:57:55.628 DEBUG 20724 --- [    Test worker] org.hibernate.SQL                        : 
    select
        major0_.major_name as major_na1_3_0_ 
    from
        major major0_ 
    where
        major0_.major_name=?
Hibernate: 
    select
        major0_.major_name as major_na1_3_0_ 
    from
        major major0_ 
    where
        major0_.major_name=?
2023-08-16 22:57:55.629 DEBUG 20724 --- [    Test worker] org.hibernate.SQL                        : 
    select
        major0_.major_name as major_na1_3_0_ 
    from
        major major0_ 
    where
        major0_.major_name=?
Hibernate: 
    select
        major0_.major_name as major_na1_3_0_ 
    from
        major major0_ 
    where
        major0_.major_name=?
2023-08-16 22:57:55.629 DEBUG 20724 --- [    Test worker] org.hibernate.SQL                        : 
    select
        major0_.major_name as major_na1_3_0_ 
    from
        major major0_ 
    where
        major0_.major_name=?
Hibernate: 
    select
        major0_.major_name as major_na1_3_0_ 
    from
        major major0_ 
    where
        major0_.major_name=?
2023-08-16 22:57:55.629 DEBUG 20724 --- [    Test worker] org.hibernate.SQL                        : 
    select
        major0_.major_name as major_na1_3_0_ 
    from
        major major0_ 
    where
        major0_.major_name=?
Hibernate: 
    select
        major0_.major_name as major_na1_3_0_ 
    from
        major major0_ 
    where
        major0_.major_name=?
2023-08-16 22:57:55.629 DEBUG 20724 --- [    Test worker] org.hibernate.SQL                        : 
    select
        major0_.major_name as major_na1_3_0_ 
    from
        major major0_ 
    where
        major0_.major_name=?
Hibernate: 
    select
        major0_.major_name as major_na1_3_0_ 
    from
        major major0_ 
    where
        major0_.major_name=?
2023-08-16 22:57:55.629 DEBUG 20724 --- [    Test worker] org.hibernate.SQL                        : 
    select
        major0_.major_name as major_na1_3_0_ 
    from
        major major0_ 
    where
        major0_.major_name=?
Hibernate: 
    select
        major0_.major_name as major_na1_3_0_ 
    from
        major major0_ 
    where
        major0_.major_name=?
2023-08-16 22:57:55.630 DEBUG 20724 --- [    Test worker] org.hibernate.SQL                        : 
    select
        major0_.major_name as major_na1_3_0_ 
    from
        major major0_ 
    where
        major0_.major_name=?
Hibernate: 
    select
        major0_.major_name as major_na1_3_0_ 
    from
        major major0_ 
    where
        major0_.major_name=?
2023-08-16 22:57:55.630 DEBUG 20724 --- [    Test worker] org.hibernate.SQL                        : 
    select
        major0_.major_name as major_na1_3_0_ 
    from
        major major0_ 
    where
        major0_.major_name=?
Hibernate: 
    select
        major0_.major_name as major_na1_3_0_ 
    from
        major major0_ 
    where
        major0_.major_name=?
2023-08-16 22:57:55.630 DEBUG 20724 --- [    Test worker] org.hibernate.SQL                        : 
    select
        major0_.major_name as major_na1_3_0_ 
    from
        major major0_ 
    where
        major0_.major_name=?
Hibernate: 
    select
        major0_.major_name as major_na1_3_0_ 
    from
        major major0_ 
    where
        major0_.major_name=?
2023-08-16 22:57:55.630 DEBUG 20724 --- [    Test worker] org.hibernate.SQL                        : 
    select
        major0_.major_name as major_na1_3_0_ 
    from
        major major0_ 
    where
        major0_.major_name=?
Hibernate: 
    select
        major0_.major_name as major_na1_3_0_ 
    from
        major major0_ 
    where
        major0_.major_name=?
2023-08-16 22:57:55.631 DEBUG 20724 --- [    Test worker] org.hibernate.SQL                        : 
    select
        major0_.major_name as major_na1_3_0_ 
    from
        major major0_ 
    where
        major0_.major_name=?
Hibernate: 
    select
        major0_.major_name as major_na1_3_0_ 
    from
        major major0_ 
    where
        major0_.major_name=?
2023-08-16 22:57:55.631 DEBUG 20724 --- [    Test worker] org.hibernate.SQL                        : 
    select
        major0_.major_name as major_na1_3_0_ 
    from
        major major0_ 
    where
        major0_.major_name=?
Hibernate: 
    select
        major0_.major_name as major_na1_3_0_ 
    from
        major major0_ 
    where
        major0_.major_name=?
2023-08-16 22:57:55.631 DEBUG 20724 --- [    Test worker] org.hibernate.SQL                        : 
    select
        major0_.major_name as major_na1_3_0_ 
    from
        major major0_ 
    where
        major0_.major_name=?
Hibernate: 
    select
        major0_.major_name as major_na1_3_0_ 
    from
        major major0_ 
    where
        major0_.major_name=?
2023-08-16 22:57:55.631 DEBUG 20724 --- [    Test worker] org.hibernate.SQL                        : 
    select
        major0_.major_name as major_na1_3_0_ 
    from
        major major0_ 
    where
        major0_.major_name=?
Hibernate: 
    select
        major0_.major_name as major_na1_3_0_ 
    from
        major major0_ 
    where
        major0_.major_name=?
2023-08-16 22:57:55.631 DEBUG 20724 --- [    Test worker] org.hibernate.SQL                        : 
    select
        major0_.major_name as major_na1_3_0_ 
    from
        major major0_ 
    where
        major0_.major_name=?
Hibernate: 
    select
        major0_.major_name as major_na1_3_0_ 
    from
        major major0_ 
    where
        major0_.major_name=?
2023-08-16 22:57:55.632 DEBUG 20724 --- [    Test worker] org.hibernate.SQL                        : 
    select
        major0_.major_name as major_na1_3_0_ 
    from
        major major0_ 
    where
        major0_.major_name=?
Hibernate: 
    select
        major0_.major_name as major_na1_3_0_ 
    from
        major major0_ 
    where
        major0_.major_name=?
2023-08-16 22:57:55.632 DEBUG 20724 --- [    Test worker] org.hibernate.SQL                        : 
    select
        major0_.major_name as major_na1_3_0_ 
    from
        major major0_ 
    where
        major0_.major_name=?
Hibernate: 
    select
        major0_.major_name as major_na1_3_0_ 
    from
        major major0_ 
    where
        major0_.major_name=?
2023-08-16 22:57:55.633 DEBUG 20724 --- [    Test worker] org.hibernate.SQL                        : 
    select
        major0_.major_name as major_na1_3_0_ 
    from
        major major0_ 
    where
        major0_.major_name=?
Hibernate: 
    select
        major0_.major_name as major_na1_3_0_ 
    from
        major major0_ 
    where
        major0_.major_name=?
2023-08-16 22:57:55.633 DEBUG 20724 --- [    Test worker] org.hibernate.SQL                        : 
    select
        major0_.major_name as major_na1_3_0_ 
    from
        major major0_ 
    where
        major0_.major_name=?
Hibernate: 
    select
        major0_.major_name as major_na1_3_0_ 
    from
        major major0_ 
    where
        major0_.major_name=?
2023-08-16 22:57:55.633 DEBUG 20724 --- [    Test worker] org.hibernate.SQL                        : 
    select
        major0_.major_name as major_na1_3_0_ 
    from
        major major0_ 
    where
        major0_.major_name=?
Hibernate: 
    select
        major0_.major_name as major_na1_3_0_ 
    from
        major major0_ 
    where
        major0_.major_name=?
2023-08-16 22:57:55.633 DEBUG 20724 --- [    Test worker] org.hibernate.SQL                        : 
    select
        major0_.major_name as major_na1_3_0_ 
    from
        major major0_ 
    where
        major0_.major_name=?
Hibernate: 
    select
        major0_.major_name as major_na1_3_0_ 
    from
        major major0_ 
    where
        major0_.major_name=?
2023-08-16 22:57:55.634 DEBUG 20724 --- [    Test worker] org.hibernate.SQL                        : 
    select
        major0_.major_name as major_na1_3_0_ 
    from
        major major0_ 
    where
        major0_.major_name=?
Hibernate: 
    select
        major0_.major_name as major_na1_3_0_ 
    from
        major major0_ 
    where
        major0_.major_name=?
2023-08-16 22:57:55.635 DEBUG 20724 --- [    Test worker] org.hibernate.SQL                        : 
    select
        major0_.major_name as major_na1_3_0_ 
    from
        major major0_ 
    where
        major0_.major_name=?
Hibernate: 
    select
        major0_.major_name as major_na1_3_0_ 
    from
        major major0_ 
    where
        major0_.major_name=?
2023-08-16 22:57:55.635 DEBUG 20724 --- [    Test worker] org.hibernate.SQL                        : 
    select
        major0_.major_name as major_na1_3_0_ 
    from
        major major0_ 
    where
        major0_.major_name=?
Hibernate: 
    select
        major0_.major_name as major_na1_3_0_ 
    from
        major major0_ 
    where
        major0_.major_name=?
2023-08-16 22:57:55.636 DEBUG 20724 --- [    Test worker] org.hibernate.SQL                        : 
    select
        major0_.major_name as major_na1_3_0_ 
    from
        major major0_ 
    where
        major0_.major_name=?
Hibernate: 
    select
        major0_.major_name as major_na1_3_0_ 
    from
        major major0_ 
    where
        major0_.major_name=?
2023-08-16 22:57:55.637 DEBUG 20724 --- [    Test worker] org.hibernate.SQL                        : 
    select
        major0_.major_name as major_na1_3_0_ 
    from
        major major0_ 
    where
        major0_.major_name=?
Hibernate: 
    select
        major0_.major_name as major_na1_3_0_ 
    from
        major major0_ 
    where
        major0_.major_name=?
2023-08-16 22:57:55.637 DEBUG 20724 --- [    Test worker] org.hibernate.SQL                        : 
    select
        major0_.major_name as major_na1_3_0_ 
    from
        major major0_ 
    where
        major0_.major_name=?
Hibernate: 
    select
        major0_.major_name as major_na1_3_0_ 
    from
        major major0_ 
    where
        major0_.major_name=?
2023-08-16 22:57:55.637 DEBUG 20724 --- [    Test worker] org.hibernate.SQL                        : 
    select
        major0_.major_name as major_na1_3_0_ 
    from
        major major0_ 
    where
        major0_.major_name=?
Hibernate: 
    select
        major0_.major_name as major_na1_3_0_ 
    from
        major major0_ 
    where
        major0_.major_name=?
2023-08-16 22:57:55.638 DEBUG 20724 --- [    Test worker] org.hibernate.SQL                        : 
    select
        major0_.major_name as major_na1_3_0_ 
    from
        major major0_ 
    where
        major0_.major_name=?
Hibernate: 
    select
        major0_.major_name as major_na1_3_0_ 
    from
        major major0_ 
    where
        major0_.major_name=?
2023-08-16 22:57:55.638 DEBUG 20724 --- [    Test worker] org.hibernate.SQL                        : 
    select
        major0_.major_name as major_na1_3_0_ 
    from
        major major0_ 
    where
        major0_.major_name=?
Hibernate: 
    select
        major0_.major_name as major_na1_3_0_ 
    from
        major major0_ 
    where
        major0_.major_name=?
2023-08-16 22:57:55.638 DEBUG 20724 --- [    Test worker] org.hibernate.SQL                        : 
    select
        major0_.major_name as major_na1_3_0_ 
    from
        major major0_ 
    where
        major0_.major_name=?
Hibernate: 
    select
        major0_.major_name as major_na1_3_0_ 
    from
        major major0_ 
    where
        major0_.major_name=?
2023-08-16 22:57:55.638 DEBUG 20724 --- [    Test worker] org.hibernate.SQL                        : 
    select
        major0_.major_name as major_na1_3_0_ 
    from
        major major0_ 
    where
        major0_.major_name=?
Hibernate: 
    select
        major0_.major_name as major_na1_3_0_ 
    from
        major major0_ 
    where
        major0_.major_name=?
2023-08-16 22:57:55.638 DEBUG 20724 --- [    Test worker] org.hibernate.SQL                        : 
    select
        major0_.major_name as major_na1_3_0_ 
    from
        major major0_ 
    where
        major0_.major_name=?
Hibernate: 
    select
        major0_.major_name as major_na1_3_0_ 
    from
        major major0_ 
    where
        major0_.major_name=?
2023-08-16 22:57:55.639 DEBUG 20724 --- [    Test worker] org.hibernate.SQL                        : 
    select
        major0_.major_name as major_na1_3_0_ 
    from
        major major0_ 
    where
        major0_.major_name=?
Hibernate: 
    select
        major0_.major_name as major_na1_3_0_ 
    from
        major major0_ 
    where
        major0_.major_name=?
2023-08-16 22:57:55.639 DEBUG 20724 --- [    Test worker] org.hibernate.SQL                        : 
    select
        major0_.major_name as major_na1_3_0_ 
    from
        major major0_ 
    where
        major0_.major_name=?
Hibernate: 
    select
        major0_.major_name as major_na1_3_0_ 
    from
        major major0_ 
    where
        major0_.major_name=?
2023-08-16 22:57:55.639 DEBUG 20724 --- [    Test worker] org.hibernate.SQL                        : 
    select
        major0_.major_name as major_na1_3_0_ 
    from
        major major0_ 
    where
        major0_.major_name=?
Hibernate: 
    select
        major0_.major_name as major_na1_3_0_ 
    from
        major major0_ 
    where
        major0_.major_name=?
2023-08-16 22:57:55.639 DEBUG 20724 --- [    Test worker] org.hibernate.SQL                        : 
    select
        major0_.major_name as major_na1_3_0_ 
    from
        major major0_ 
    where
        major0_.major_name=?
Hibernate: 
    select
        major0_.major_name as major_na1_3_0_ 
    from
        major major0_ 
    where
        major0_.major_name=?
2023-08-16 22:57:55.639 DEBUG 20724 --- [    Test worker] org.hibernate.SQL                        : 
    select
        major0_.major_name as major_na1_3_0_ 
    from
        major major0_ 
    where
        major0_.major_name=?
Hibernate: 
    select
        major0_.major_name as major_na1_3_0_ 
    from
        major major0_ 
    where
        major0_.major_name=?
2023-08-16 22:57:55.640 DEBUG 20724 --- [    Test worker] org.hibernate.SQL                        : 
    select
        major0_.major_name as major_na1_3_0_ 
    from
        major major0_ 
    where
        major0_.major_name=?
Hibernate: 
    select
        major0_.major_name as major_na1_3_0_ 
    from
        major major0_ 
    where
        major0_.major_name=?
2023-08-16 22:57:55.640 DEBUG 20724 --- [    Test worker] org.hibernate.SQL                        : 
    select
        major0_.major_name as major_na1_3_0_ 
    from
        major major0_ 
    where
        major0_.major_name=?
Hibernate: 
    select
        major0_.major_name as major_na1_3_0_ 
    from
        major major0_ 
    where
        major0_.major_name=?
2023-08-16 22:57:55.640 DEBUG 20724 --- [    Test worker] org.hibernate.SQL                        : 
    select
        major0_.major_name as major_na1_3_0_ 
    from
        major major0_ 
    where
        major0_.major_name=?
Hibernate: 
    select
        major0_.major_name as major_na1_3_0_ 
    from
        major major0_ 
    where
        major0_.major_name=?
2023-08-16 22:57:55.640 DEBUG 20724 --- [    Test worker] org.hibernate.SQL                        : 
    select
        major0_.major_name as major_na1_3_0_ 
    from
        major major0_ 
    where
        major0_.major_name=?
Hibernate: 
    select
        major0_.major_name as major_na1_3_0_ 
    from
        major major0_ 
    where
        major0_.major_name=?
2023-08-16 22:57:55.641 DEBUG 20724 --- [    Test worker] org.hibernate.SQL                        : 
    select
        major0_.major_name as major_na1_3_0_ 
    from
        major major0_ 
    where
        major0_.major_name=?
Hibernate: 
    select
        major0_.major_name as major_na1_3_0_ 
    from
        major major0_ 
    where
        major0_.major_name=?
2023-08-16 22:57:55.641 DEBUG 20724 --- [    Test worker] org.hibernate.SQL                        : 
    select
        major0_.major_name as major_na1_3_0_ 
    from
        major major0_ 
    where
        major0_.major_name=?
Hibernate: 
    select
        major0_.major_name as major_na1_3_0_ 
    from
        major major0_ 
    where
        major0_.major_name=?
2023-08-16 22:57:55.642 DEBUG 20724 --- [    Test worker] org.hibernate.SQL                        : 
    select
        major0_.major_name as major_na1_3_0_ 
    from
        major major0_ 
    where
        major0_.major_name=?
Hibernate: 
    select
        major0_.major_name as major_na1_3_0_ 
    from
        major major0_ 
    where
        major0_.major_name=?
2023-08-16 22:57:55.642 DEBUG 20724 --- [    Test worker] org.hibernate.SQL                        : 
    select
        major0_.major_name as major_na1_3_0_ 
    from
        major major0_ 
    where
        major0_.major_name=?
Hibernate: 
    select
        major0_.major_name as major_na1_3_0_ 
    from
        major major0_ 
    where
        major0_.major_name=?
2023-08-16 22:57:55.643 DEBUG 20724 --- [    Test worker] org.hibernate.SQL                        : 
    select
        major0_.major_name as major_na1_3_0_ 
    from
        major major0_ 
    where
        major0_.major_name=?
Hibernate: 
    select
        major0_.major_name as major_na1_3_0_ 
    from
        major major0_ 
    where
        major0_.major_name=?
2023-08-16 22:57:55.643 DEBUG 20724 --- [    Test worker] org.hibernate.SQL                        : 
    select
        major0_.major_name as major_na1_3_0_ 
    from
        major major0_ 
    where
        major0_.major_name=?
Hibernate: 
    select
        major0_.major_name as major_na1_3_0_ 
    from
        major major0_ 
    where
        major0_.major_name=?
2023-08-16 22:57:55.643 DEBUG 20724 --- [    Test worker] org.hibernate.SQL                        : 
    select
        major0_.major_name as major_na1_3_0_ 
    from
        major major0_ 
    where
        major0_.major_name=?
Hibernate: 
    select
        major0_.major_name as major_na1_3_0_ 
    from
        major major0_ 
    where
        major0_.major_name=?
2023-08-16 22:57:55.643 DEBUG 20724 --- [    Test worker] org.hibernate.SQL                        : 
    select
        major0_.major_name as major_na1_3_0_ 
    from
        major major0_ 
    where
        major0_.major_name=?
Hibernate: 
    select
        major0_.major_name as major_na1_3_0_ 
    from
        major major0_ 
    where
        major0_.major_name=?
2023-08-16 22:57:55.644 DEBUG 20724 --- [    Test worker] org.hibernate.SQL                        : 
    select
        major0_.major_name as major_na1_3_0_ 
    from
        major major0_ 
    where
        major0_.major_name=?
Hibernate: 
    select
        major0_.major_name as major_na1_3_0_ 
    from
        major major0_ 
    where
        major0_.major_name=?
2023-08-16 22:57:55.645 DEBUG 20724 --- [    Test worker] org.hibernate.SQL                        : 
    select
        major0_.major_name as major_na1_3_0_ 
    from
        major major0_ 
    where
        major0_.major_name=?
Hibernate: 
    select
        major0_.major_name as major_na1_3_0_ 
    from
        major major0_ 
    where
        major0_.major_name=?
2023-08-16 22:57:55.645 DEBUG 20724 --- [    Test worker] org.hibernate.SQL                        : 
    select
        major0_.major_name as major_na1_3_0_ 
    from
        major major0_ 
    where
        major0_.major_name=?
Hibernate: 
    select
        major0_.major_name as major_na1_3_0_ 
    from
        major major0_ 
    where
        major0_.major_name=?
2023-08-16 22:57:55.645 DEBUG 20724 --- [    Test worker] org.hibernate.SQL                        : 
    select
        major0_.major_name as major_na1_3_0_ 
    from
        major major0_ 
    where
        major0_.major_name=?
Hibernate: 
    select
        major0_.major_name as major_na1_3_0_ 
    from
        major major0_ 
    where
        major0_.major_name=?
2023-08-16 22:57:55.646 DEBUG 20724 --- [    Test worker] org.hibernate.SQL                        : 
    select
        major0_.major_name as major_na1_3_0_ 
    from
        major major0_ 
    where
        major0_.major_name=?
Hibernate: 
    select
        major0_.major_name as major_na1_3_0_ 
    from
        major major0_ 
    where
        major0_.major_name=?
2023-08-16 22:57:55.647 DEBUG 20724 --- [    Test worker] org.hibernate.SQL                        : 
    select
        major0_.major_name as major_na1_3_0_ 
    from
        major major0_ 
    where
        major0_.major_name=?
Hibernate: 
    select
        major0_.major_name as major_na1_3_0_ 
    from
        major major0_ 
    where
        major0_.major_name=?
2023-08-16 22:57:55.647 DEBUG 20724 --- [    Test worker] org.hibernate.SQL                        : 
    select
        major0_.major_name as major_na1_3_0_ 
    from
        major major0_ 
    where
        major0_.major_name=?
Hibernate: 
    select
        major0_.major_name as major_na1_3_0_ 
    from
        major major0_ 
    where
        major0_.major_name=?
2023-08-16 22:57:55.648 DEBUG 20724 --- [    Test worker] org.hibernate.SQL                        : 
    select
        major0_.major_name as major_na1_3_0_ 
    from
        major major0_ 
[...]
    values
        (?, ?, ?, ?, ?, ?, ?, ?, ?, ?, ?)
Hibernate: 
    insert 
    into
        mento
        (created_at, updated_at, grade, introduction, mentoring_count, mentoring_system, nickname, profile_profile_id, school, view_count, mento_id) 
    values
        (?, ?, ?, ?, ?, ?, ?, ?, ?, ?, ?)
2023-08-16 22:57:55.752 DEBUG 20724 --- [    Test worker] org.hibernate.SQL                        : 
    insert 
    into
        certificate
        (certificate_id, created_at, updated_at, member_id, original_file_name, save_file_name) 
    values
        (default, ?, ?, ?, ?, ?)
Hibernate: 
    insert 
    into
        certificate
        (certificate_id, created_at, updated_at, member_id, original_file_name, save_file_name) 
    values
        (default, ?, ?, ?, ?, ?)
2023-08-16 22:57:55.755 DEBUG 20724 --- [    Test worker] org.hibernate.SQL                        : 
    insert 
    into
        member_account
        (member_id, created_at, updated_at, email, login_id, password, status) 
    values
        (default, ?, ?, ?, ?, ?, ?)
Hibernate: 
    insert 
    into
        member_account
        (member_id, created_at, updated_at, email, login_id, password, status) 
    values
        (default, ?, ?, ?, ?, ?, ?)
2023-08-16 22:57:55.756 DEBUG 20724 --- [    Test worker] org.hibernate.SQL                        : 
    insert 
    into
        desired_field
        (desired_field_id, field_name, menti_id, mento_id) 
    values
        (default, ?, ?, ?)
Hibernate: 
    insert 
    into
        desired_field
        (desired_field_id, field_name, menti_id, mento_id) 
    values
        (default, ?, ?, ?)
2023-08-16 22:57:55.756 DEBUG 20724 --- [    Test worker] org.hibernate.SQL                        : 
    insert 
    into
        desired_field
        (desired_field_id, field_name, menti_id, mento_id) 
    values
        (default, ?, ?, ?)
Hibernate: 
    insert 
    into
        desired_field
        (desired_field_id, field_name, menti_id, mento_id) 
    values
        (default, ?, ?, ?)
2023-08-16 22:57:55.759 DEBUG 20724 --- [    Test worker] org.hibernate.SQL                        : 
    insert 
    into
        member_major
        (member_major_id, major_name, menti_id, mento_id) 
    values
        (default, ?, ?, ?)
Hibernate: 
    insert 
    into
        member_major
        (member_major_id, major_name, menti_id, mento_id) 
    values
        (default, ?, ?, ?)
2023-08-16 22:57:55.760 DEBUG 20724 --- [    Test worker] org.hibernate.SQL                        : 
    insert 
    into
        mento
        (created_at, updated_at, grade, introduction, mentoring_count, mentoring_system, nickname, profile_profile_id, school, view_count, mento_id) 
    values
        (?, ?, ?, ?, ?, ?, ?, ?, ?, ?, ?)
Hibernate: 
    insert 
    into
        mento
        (created_at, updated_at, grade, introduction, mentoring_count, mentoring_system, nickname, profile_profile_id, school, view_count, mento_id) 
    values
        (?, ?, ?, ?, ?, ?, ?, ?, ?, ?, ?)
2023-08-16 22:57:55.761 DEBUG 20724 --- [    Test worker] org.hibernate.SQL                        : 
    insert 
    into
        certificate
        (certificate_id, created_at, updated_at, member_id, original_file_name, save_file_name) 
    values
        (default, ?, ?, ?, ?, ?)
Hibernate: 
    insert 
    into
        certificate
        (certificate_id, created_at, updated_at, member_id, original_file_name, save_file_name) 
    values
        (default, ?, ?, ?, ?, ?)
2023-08-16 22:57:55.761 DEBUG 20724 --- [    Test worker] org.hibernate.SQL                        : 
    insert 
    into
        member_account
        (member_id, created_at, updated_at, email, login_id, password, status) 
    values
        (default, ?, ?, ?, ?, ?, ?)
Hibernate: 
    insert 
    into
        member_account
        (member_id, created_at, updated_at, email, login_id, password, status) 
    values
        (default, ?, ?, ?, ?, ?, ?)
2023-08-16 22:57:55.762 DEBUG 20724 --- [    Test worker] org.hibernate.SQL                        : 
    insert 
    into
        desired_field
        (desired_field_id, field_name, menti_id, mento_id) 
    values
        (default, ?, ?, ?)
Hibernate: 
    insert 
    into
        desired_field
        (desired_field_id, field_name, menti_id, mento_id) 
    values
        (default, ?, ?, ?)
2023-08-16 22:57:55.764 DEBUG 20724 --- [    Test worker] org.hibernate.SQL                        : 
    select
        field_.field_name 
    from
        field field_ 
    where
        field_.field_name=?
Hibernate: 
    select
        field_.field_name 
    from
        field field_ 
    where
        field_.field_name=?
2023-08-16 22:57:55.765 DEBUG 20724 --- [    Test worker] org.hibernate.SQL                        : 
    insert 
    into
        desired_field
        (desired_field_id, field_name, menti_id, mento_id) 
    values
        (default, ?, ?, ?)
Hibernate: 
    insert 
    into
        desired_field
        (desired_field_id, field_name, menti_id, mento_id) 
    values
        (default, ?, ?, ?)
2023-08-16 22:57:55.768 DEBUG 20724 --- [    Test worker] org.hibernate.SQL                        : 
    insert 
    into
        member_major
        (member_major_id, major_name, menti_id, mento_id) 
    values
        (default, ?, ?, ?)
Hibernate: 
    insert 
    into
        member_major
        (member_major_id, major_name, menti_id, mento_id) 
    values
        (default, ?, ?, ?)
2023-08-16 22:57:55.779 DEBUG 20724 --- [    Test worker] org.hibernate.SQL                        : 
    insert 
    into
        mento
        (created_at, updated_at, grade, introduction, mentoring_count, mentoring_system, nickname, profile_profile_id, school, view_count, mento_id) 
    values
        (?, ?, ?, ?, ?, ?, ?, ?, ?, ?, ?)
Hibernate: 
    insert 
    into
        mento
        (created_at, updated_at, grade, introduction, mentoring_count, mentoring_system, nickname, profile_profile_id, school, view_count, mento_id) 
    values
        (?, ?, ?, ?, ?, ?, ?, ?, ?, ?, ?)
2023-08-16 22:57:55.779 DEBUG 20724 --- [    Test worker] org.hibernate.SQL                        : 
    update
        desired_field 
    set
        field_name=?,
        menti_id=?,
        mento_id=? 
    where
        desired_field_id=?
Hibernate: 
    update
        desired_field 
    set
        field_name=?,
        menti_id=?,
        mento_id=? 
    where
        desired_field_id=?
2023-08-16 22:57:55.781 DEBUG 20724 --- [    Test worker] org.hibernate.SQL                        : 
    update
        desired_field 
    set
        field_name=?,
        menti_id=?,
        mento_id=? 
    where
        desired_field_id=?
Hibernate: 
    update
        desired_field 
    set
        field_name=?,
        menti_id=?,
        mento_id=? 
    where
        desired_field_id=?
2023-08-16 22:57:55.781 DEBUG 20724 --- [    Test worker] org.hibernate.SQL                        : 
    update
        desired_field 
    set
        field_name=?,
        menti_id=?,
        mento_id=? 
    where
        desired_field_id=?
Hibernate: 
    update
        desired_field 
    set
        field_name=?,
        menti_id=?,
        mento_id=? 
    where
        desired_field_id=?
2023-08-16 22:57:55.782 DEBUG 20724 --- [    Test worker] org.hibernate.SQL                        : 
    update
        member_major 
    set
        major_name=?,
        menti_id=?,
        mento_id=? 
    where
        member_major_id=?
Hibernate: 
    update
        member_major 
    set
        major_name=?,
        menti_id=?,
        mento_id=? 
    where
        member_major_id=?
2023-08-16 22:57:55.782 DEBUG 20724 --- [    Test worker] org.hibernate.SQL                        : 
    update
        member_major 
    set
        major_name=?,
        menti_id=?,
        mento_id=? 
    where
        member_major_id=?
Hibernate: 
    update
        member_major 
    set
        major_name=?,
        menti_id=?,
        mento_id=? 
    where
        member_major_id=?
2023-08-16 22:57:55.782 DEBUG 20724 --- [    Test worker] org.hibernate.SQL                        : 
    update
        desired_field 
    set
        field_name=?,
        menti_id=?,
        mento_id=? 
    where
        desired_field_id=?
Hibernate: 
    update
        desired_field 
    set
        field_name=?,
        menti_id=?,
        mento_id=? 
    where
        desired_field_id=?
2023-08-16 22:57:55.782 DEBUG 20724 --- [    Test worker] org.hibernate.SQL                        : 
    update
        desired_field 
    set
        field_name=?,
        menti_id=?,
        mento_id=? 
    where
        desired_field_id=?
Hibernate: 
    update
        desired_field 
    set
        field_name=?,
        menti_id=?,
        mento_id=? 
    where
        desired_field_id=?
2023-08-16 22:57:55.782 DEBUG 20724 --- [    Test worker] org.hibernate.SQL                        : 
    update
        desired_field 
    set
        field_name=?,
        menti_id=?,
        mento_id=? 
    where
        desired_field_id=?
Hibernate: 
    update
        desired_field 
    set
        field_name=?,
        menti_id=?,
        mento_id=? 
    where
        desired_field_id=?
2023-08-16 22:57:55.782 DEBUG 20724 --- [    Test worker] org.hibernate.SQL                        : 
    update
        member_major 
    set
        major_name=?,
        menti_id=?,
        mento_id=? 
    where
        member_major_id=?
Hibernate: 
    update
        member_major 
    set
        major_name=?,
        menti_id=?,
        mento_id=? 
    where
        member_major_id=?
2023-08-16 22:57:55.783 DEBUG 20724 --- [    Test worker] org.hibernate.SQL                        : 
    update
        member_major 
    set
        major_name=?,
        menti_id=?,
        mento_id=? 
    where
        member_major_id=?
Hibernate: 
    update
        member_major 
    set
        major_name=?,
        menti_id=?,
        mento_id=? 
    where
        member_major_id=?
2023-08-16 22:57:55.783 DEBUG 20724 --- [    Test worker] org.hibernate.SQL                        : 
    update
        desired_field 
    set
        field_name=?,
        menti_id=?,
        mento_id=? 
    where
        desired_field_id=?
Hibernate: 
    update
        desired_field 
    set
        field_name=?,
        menti_id=?,
        mento_id=? 
    where
        desired_field_id=?
2023-08-16 22:57:55.783 DEBUG 20724 --- [    Test worker] org.hibernate.SQL                        : 
    update
        desired_field 
    set
        field_name=?,
        menti_id=?,
        mento_id=? 
    where
        desired_field_id=?
Hibernate: 
    update
        desired_field 
    set
        field_name=?,
        menti_id=?,
        mento_id=? 
    where
        desired_field_id=?
2023-08-16 22:57:55.784 DEBUG 20724 --- [    Test worker] org.hibernate.SQL                        : 
    update
        member_major 
    set
        major_name=?,
        menti_id=?,
        mento_id=? 
    where
        member_major_id=?
Hibernate: 
    update
        member_major 
    set
        major_name=?,
        menti_id=?,
        mento_id=? 
    where
        member_major_id=?
2023-08-16 22:57:55.784 DEBUG 20724 --- [    Test worker] org.hibernate.SQL                        : 
    update
        member_major 
    set
        major_name=?,
        menti_id=?,
        mento_id=? 
    where
        member_major_id=?
Hibernate: 
    update
        member_major 
    set
        major_name=?,
        menti_id=?,
        mento_id=? 
    where
        member_major_id=?
2023-08-16 22:57:55.784 DEBUG 20724 --- [    Test worker] org.hibernate.SQL                        : 
    update
        desired_field 
    set
        field_name=?,
        menti_id=?,
        mento_id=? 
    where
        desired_field_id=?
Hibernate: 
    update
        desired_field 
    set
        field_name=?,
        menti_id=?,
        mento_id=? 
    where
        desired_field_id=?
2023-08-16 22:57:55.784 DEBUG 20724 --- [    Test worker] org.hibernate.SQL                        : 
    update
        desired_field 
    set
        field_name=?,
        menti_id=?,
        mento_id=? 
    where
        desired_field_id=?
Hibernate: 
    update
        desired_field 
    set
        field_name=?,
        menti_id=?,
        mento_id=? 
    where
        desired_field_id=?
2023-08-16 22:57:55.787 DEBUG 20724 --- [    Test worker] org.hibernate.SQL                        : 
    update
        member_major 
    set
        major_name=?,
        menti_id=?,
        mento_id=? 
    where
        member_major_id=?
Hibernate: 
    update
        member_major 
    set
        major_name=?,
        menti_id=?,
        mento_id=? 
    where
        member_major_id=?
2023-08-16 22:57:55.787 DEBUG 20724 --- [    Test worker] org.hibernate.SQL                        : 
    update
        desired_field 
    set
        field_name=?,
        menti_id=?,
        mento_id=? 
    where
        desired_field_id=?
Hibernate: 
    update
        desired_field 
    set
        field_name=?,
        menti_id=?,
        mento_id=? 
    where
        desired_field_id=?
2023-08-16 22:57:55.787 DEBUG 20724 --- [    Test worker] org.hibernate.SQL                        : 
    update
        desired_field 
    set
        field_name=?,
        menti_id=?,
        mento_id=? 
    where
        desired_field_id=?
Hibernate: 
    update
        desired_field 
    set
        field_name=?,
        menti_id=?,
        mento_id=? 
    where
        desired_field_id=?
2023-08-16 22:57:55.788 DEBUG 20724 --- [    Test worker] org.hibernate.SQL                        : 
    update
        member_major 
    set
        major_name=?,
        menti_id=?,
        mento_id=? 
    where
        member_major_id=?
Hibernate: 
    update
        member_major 
    set
        major_name=?,
        menti_id=?,
        mento_id=? 
    where
        member_major_id=?
2023-08-16 22:57:55.808 DEBUG 20724 --- [    Test worker] org.hibernate.SQL                        : 
    select
        distinct mento0_.mento_id as mento_id1_7_0_,
        profile1_.profile_id as profile_1_8_1_,
        membermajo2_.member_major_id as member_m1_5_2_,
        mento0_.created_at as created_2_7_0_,
        mento0_.updated_at as updated_3_7_0_,
        mento0_.grade as grade4_7_0_,
        mento0_.introduction as introduc5_7_0_,
        mento0_.mentoring_count as mentorin6_7_0_,
        mento0_.mentoring_system as mentorin7_7_0_,
        mento0_.nickname as nickname8_7_0_,
        mento0_.profile_profile_id as profile11_7_0_,
        mento0_.school as school9_7_0_,
        mento0_.view_count as view_co10_7_0_,
        profile1_.created_at as created_2_8_1_,
        profile1_.updated_at as updated_3_8_1_,
        profile1_.original_profile_name as original4_8_1_,
        profile1_.saved_profile_name as saved_pr5_8_1_,
        membermajo2_.major_name as major_na2_5_2_,
        membermajo2_.menti_id as menti_id3_5_2_,
        membermajo2_.mento_id as mento_id4_5_2_,
        membermajo2_.mento_id as mento_id4_5_0__,
        membermajo2_.member_major_id as member_m1_5_0__ 
    from
        mento mento0_ 
    inner join
        profile profile1_ 
            on mento0_.profile_profile_id=profile1_.profile_id 
    inner join
        member_major membermajo2_ 
            on mento0_.mento_id=membermajo2_.mento_id 
    where
        mento0_.mento_id in (
            ? , ? , ?
        )
Hibernate: 
    select
        distinct mento0_.mento_id as mento_id1_7_0_,
        profile1_.profile_id as profile_1_8_1_,
        membermajo2_.member_major_id as member_m1_5_2_,
        mento0_.created_at as created_2_7_0_,
        mento0_.updated_at as updated_3_7_0_,
        mento0_.grade as grade4_7_0_,
        mento0_.introduction as introduc5_7_0_,
        mento0_.mentoring_count as mentorin6_7_0_,
        mento0_.mentoring_system as mentorin7_7_0_,
        mento0_.nickname as nickname8_7_0_,
        mento0_.profile_profile_id as profile11_7_0_,
        mento0_.school as school9_7_0_,
        mento0_.view_count as view_co10_7_0_,
        profile1_.created_at as created_2_8_1_,
        profile1_.updated_at as updated_3_8_1_,
        profile1_.original_profile_name as original4_8_1_,
        profile1_.saved_profile_name as saved_pr5_8_1_,
        membermajo2_.major_name as major_na2_5_2_,
        membermajo2_.menti_id as menti_id3_5_2_,
        membermajo2_.mento_id as mento_id4_5_2_,
        membermajo2_.mento_id as mento_id4_5_0__,
        membermajo2_.member_major_id as member_m1_5_0__ 
    from
        mento mento0_ 
    inner join
        profile profile1_ 
            on mento0_.profile_profile_id=profile1_.profile_id 
    inner join
        member_major membermajo2_ 
            on mento0_.mento_id=membermajo2_.mento_id 
    where
        mento0_.mento_id in (
            ? , ? , ?
        )
2023-08-16 22:57:55.850  INFO 20724 --- [    Test worker] o.s.t.c.transaction.TransactionContext   : Rolled back transaction for test: [DefaultTestContext@1af146 testClass = MentoJPARepositoryTest, testInstance = com.theZ.dotoring.mento.MentoJPARepositoryTest@15cafec7, testMethod = findMentosWithProfileAndFieldsAndMajorsUsingFetchJoinByMentoId@MentoJPARepositoryTest, testException = [null], mergedContextConfiguration = [MergedContextConfiguration@4da602fc testClass = MentoJPARepositoryTest, locations = '{}', classes = '{class com.theZ.dotoring.DotoringApplication}', contextInitializerClasses = '[]', activeProfiles = '{}', propertySourceLocations = '{}', propertySourceProperties = '{org.springframework.boot.test.autoconfigure.orm.jpa.DataJpaTestContextBootstrapper=true}', contextCustomizers = set[org.springframework.boot.test.autoconfigure.OverrideAutoConfigurationContextCustomizerFactory$DisableAutoConfigurationContextCustomizer@403f0a22, org.springframework.boot.test.autoconfigure.actuate.metrics.MetricsExportContextCustomizerFactory$DisableMetricExportContextCustomizer@77825085, org.springframework.boot.test.autoconfigure.filter.TypeExcludeFiltersContextCustomizer@351584c0, org.springframework.boot.test.autoconfigure.properties.PropertyMappingContextCustomizer@7c15dd47, org.springframework.boot.test.autoconfigure.web.servlet.WebDriverContextCustomizerFactory$Customizer@5dcd8c7a, [ImportsContextCustomizer@2a8d39c4 key = [org.springframework.boot.autoconfigure.cache.CacheAutoConfiguration, org.springframework.boot.autoconfigure.data.jpa.JpaRepositoriesAutoConfiguration, org.springframework.boot.autoconfigure.flyway.FlywayAutoConfiguration, org.springframework.boot.autoconfigure.jdbc.DataSourceAutoConfiguration, org.springframework.boot.autoconfigure.jdbc.DataSourceTransactionManagerAutoConfiguration, org.springframework.boot.autoconfigure.jdbc.JdbcTemplateAutoConfiguration, org.springframework.boot.autoconfigure.liquibase.LiquibaseAutoConfiguration, org.springframework.boot.autoconfigure.orm.jpa.HibernateJpaAutoConfiguration, org.springframework.boot.autoconfigure.sql.init.SqlInitializationAutoConfiguration, org.springframework.boot.autoconfigure.transaction.TransactionAutoConfiguration, org.springframework.boot.test.autoconfigure.jdbc.TestDatabaseAutoConfiguration, org.springframework.boot.test.autoconfigure.orm.jpa.TestEntityManagerAutoConfiguration]], org.springframework.boot.test.context.filter.ExcludeFilterContextCustomizer@5d5f10b2, org.springframework.boot.test.json.DuplicateJsonObjectContextCustomizerFactory$DuplicateJsonObjectContextCustomizer@53bd8fca, org.springframework.boot.test.mock.mockito.MockitoContextCustomizer@0, org.springframework.boot.test.context.SpringBootTestArgs@1, org.springframework.boot.test.context.SpringBootTestWebEnvironment@0], contextLoader = 'org.springframework.boot.test.context.SpringBootContextLoader', parent = [null]], attributes = map['org.springframework.test.context.event.ApplicationEventsTestExecutionListener.recordApplicationEvents' -> false]]
]]></system-out>
  <system-err><![CDATA[]]></system-err>
</testsuite>
